ARM GAS  C:\Users\santa\AppData\Local\Temp\ccnmToW1.s 			page 1


   1              		.syntax unified
   2              		.cpu cortex-m3
   3              		.fpu softvfp
   4              		.eabi_attribute 20, 1
   5              		.eabi_attribute 21, 1
   6              		.eabi_attribute 23, 3
   7              		.eabi_attribute 24, 1
   8              		.eabi_attribute 25, 1
   9              		.eabi_attribute 26, 1
  10              		.eabi_attribute 30, 1
  11              		.eabi_attribute 34, 1
  12              		.eabi_attribute 18, 4
  13              		.thumb
  14              		.syntax unified
  15              		.file	"cymetadata.c"
  16              		.text
  17              	.Ltext0:
  18              		.cfi_sections	.debug_frame
  19              		.global	cy_metadata
  20              		.global	cy_meta_flashprotect
  21              		.global	cy_meta_wonvl
  22              		.global	cy_meta_custnvl
  23              		.global	cy_meta_configecc
  24              		.section	.cyconfigecc,"a",%progbits
  25              		.align	2
  26              		.type	cy_meta_configecc, %object
  27              		.size	cy_meta_configecc, 1204
  28              	cy_meta_configecc:
  29 0000 03       		.byte	3
  30 0001 52       		.byte	82
  31 0002 00       		.byte	0
  32 0003 40       		.byte	64
  33 0004 03       		.byte	3
  34 0005 64       		.byte	100
  35 0006 00       		.byte	0
  36 0007 40       		.byte	64
  37 0008 01       		.byte	1
  38 0009 65       		.byte	101
  39 000a 00       		.byte	0
  40 000b 40       		.byte	64
  41 000c 42       		.byte	66
  42 000d 00       		.byte	0
  43 000e 01       		.byte	1
  44 000f 40       		.byte	64
  45 0010 2B       		.byte	43
  46 0011 01       		.byte	1
  47 0012 01       		.byte	1
  48 0013 40       		.byte	64
  49 0014 60       		.byte	96
  50 0015 02       		.byte	2
  51 0016 01       		.byte	1
  52 0017 40       		.byte	64
  53 0018 42       		.byte	66
  54 0019 03       		.byte	3
  55 001a 01       		.byte	1
  56 001b 40       		.byte	64
  57 001c 2C       		.byte	44
ARM GAS  C:\Users\santa\AppData\Local\Temp\ccnmToW1.s 			page 2


  58 001d 04       		.byte	4
  59 001e 01       		.byte	1
  60 001f 40       		.byte	64
  61 0020 35       		.byte	53
  62 0021 05       		.byte	5
  63 0022 01       		.byte	1
  64 0023 40       		.byte	64
  65 0024 04       		.byte	4
  66 0025 07       		.byte	7
  67 0026 01       		.byte	1
  68 0027 40       		.byte	64
  69 0028 01       		.byte	1
  70 0029 09       		.byte	9
  71 002a 01       		.byte	1
  72 002b 40       		.byte	64
  73 002c 02       		.byte	2
  74 002d 0B       		.byte	11
  75 002e 01       		.byte	1
  76 002f 40       		.byte	64
  77 0030 36       		.byte	54
  78 0031 14       		.byte	20
  79 0032 01       		.byte	1
  80 0033 40       		.byte	64
  81 0034 18       		.byte	24
  82 0035 15       		.byte	21
  83 0036 01       		.byte	1
  84 0037 40       		.byte	64
  85 0038 01       		.byte	1
  86 0039 17       		.byte	23
  87 003a 01       		.byte	1
  88 003b 40       		.byte	64
  89 003c 01       		.byte	1
  90 003d 19       		.byte	25
  91 003e 01       		.byte	1
  92 003f 40       		.byte	64
  93 0040 01       		.byte	1
  94 0041 1B       		.byte	27
  95 0042 01       		.byte	1
  96 0043 40       		.byte	64
  97 0044 03       		.byte	3
  98 0045 40       		.byte	64
  99 0046 01       		.byte	1
 100 0047 40       		.byte	64
 101 0048 0D       		.byte	13
 102 0049 41       		.byte	65
 103 004a 01       		.byte	1
 104 004b 40       		.byte	64
 105 004c 09       		.byte	9
 106 004d 42       		.byte	66
 107 004e 01       		.byte	1
 108 004f 40       		.byte	64
 109 0050 04       		.byte	4
 110 0051 43       		.byte	67
 111 0052 01       		.byte	1
 112 0053 40       		.byte	64
 113 0054 06       		.byte	6
 114 0055 46       		.byte	70
ARM GAS  C:\Users\santa\AppData\Local\Temp\ccnmToW1.s 			page 3


 115 0056 01       		.byte	1
 116 0057 40       		.byte	64
 117 0058 04       		.byte	4
 118 0059 47       		.byte	71
 119 005a 01       		.byte	1
 120 005b 40       		.byte	64
 121 005c 04       		.byte	4
 122 005d 48       		.byte	72
 123 005e 01       		.byte	1
 124 005f 40       		.byte	64
 125 0060 05       		.byte	5
 126 0061 49       		.byte	73
 127 0062 01       		.byte	1
 128 0063 40       		.byte	64
 129 0064 0B       		.byte	11
 130 0065 4C       		.byte	76
 131 0066 01       		.byte	1
 132 0067 40       		.byte	64
 133 0068 01       		.byte	1
 134 0069 4D       		.byte	77
 135 006a 01       		.byte	1
 136 006b 40       		.byte	64
 137 006c 05       		.byte	5
 138 006d 50       		.byte	80
 139 006e 01       		.byte	1
 140 006f 40       		.byte	64
 141 0070 02       		.byte	2
 142 0071 51       		.byte	81
 143 0072 01       		.byte	1
 144 0073 40       		.byte	64
 145 0074 00       		.byte	0
 146 0075 02       		.byte	2
 147 0076 01       		.byte	1
 148 0077 03       		.byte	3
 149 0078 04       		.byte	4
 150 0079 07       		.byte	7
 151 007a 80       		.byte	-128
 152 007b 0F       		.byte	15
 153 007c 82       		.byte	-126
 154 007d 38       		.byte	56
 155 007e 85       		.byte	-123
 156 007f 72       		.byte	114
 157 0080 85       		.byte	-123
 158 0081 0D       		.byte	13
 159 0082 04       		.byte	4
 160 0083 30       		.byte	48
 161 0084 05       		.byte	5
 162 0085 43       		.byte	67
 163 0086 06       		.byte	6
 164 0087 0C       		.byte	12
 165 0088 07       		.byte	7
 166 0089 0C       		.byte	12
 167 008a 09       		.byte	9
 168 008b 10       		.byte	16
 169 008c 0A       		.byte	10
 170 008d 03       		.byte	3
 171 008e 0C       		.byte	12
ARM GAS  C:\Users\santa\AppData\Local\Temp\ccnmToW1.s 			page 4


 172 008f 2C       		.byte	44
 173 0090 0D       		.byte	13
 174 0091 43       		.byte	67
 175 0092 0E       		.byte	14
 176 0093 11       		.byte	17
 177 0094 0F       		.byte	15
 178 0095 04       		.byte	4
 179 0096 13       		.byte	19
 180 0097 08       		.byte	8
 181 0098 17       		.byte	23
 182 0099 45       		.byte	69
 183 009a 18       		.byte	24
 184 009b 1C       		.byte	28
 185 009c 19       		.byte	25
 186 009d 03       		.byte	3
 187 009e 1A       		.byte	26
 188 009f 22       		.byte	34
 189 00a0 1B       		.byte	27
 190 00a1 44       		.byte	68
 191 00a2 1C       		.byte	28
 192 00a3 14       		.byte	20
 193 00a4 20       		.byte	32
 194 00a5 10       		.byte	16
 195 00a6 25       		.byte	37
 196 00a7 0A       		.byte	10
 197 00a8 27       		.byte	39
 198 00a9 44       		.byte	68
 199 00aa 28       		.byte	40
 200 00ab 40       		.byte	64
 201 00ac 29       		.byte	41
 202 00ad 20       		.byte	32
 203 00ae 2C       		.byte	44
 204 00af 09       		.byte	9
 205 00b0 2E       		.byte	46
 206 00b1 10       		.byte	16
 207 00b2 31       		.byte	49
 208 00b3 20       		.byte	32
 209 00b4 33       		.byte	51
 210 00b5 10       		.byte	16
 211 00b6 34       		.byte	52
 212 00b7 1F       		.byte	31
 213 00b8 35       		.byte	53
 214 00b9 0F       		.byte	15
 215 00ba 36       		.byte	54
 216 00bb 60       		.byte	96
 217 00bc 37       		.byte	55
 218 00bd 40       		.byte	64
 219 00be 38       		.byte	56
 220 00bf 80       		.byte	-128
 221 00c0 3B       		.byte	59
 222 00c1 20       		.byte	32
 223 00c2 3F       		.byte	63
 224 00c3 45       		.byte	69
 225 00c4 40       		.byte	64
 226 00c5 26       		.byte	38
 227 00c6 41       		.byte	65
 228 00c7 05       		.byte	5
ARM GAS  C:\Users\santa\AppData\Local\Temp\ccnmToW1.s 			page 5


 229 00c8 45       		.byte	69
 230 00c9 0C       		.byte	12
 231 00ca 46       		.byte	70
 232 00cb EB       		.byte	-21
 233 00cc 48       		.byte	72
 234 00cd 0D       		.byte	13
 235 00ce 49       		.byte	73
 236 00cf FF       		.byte	-1
 237 00d0 4A       		.byte	74
 238 00d1 FF       		.byte	-1
 239 00d2 4B       		.byte	75
 240 00d3 FF       		.byte	-1
 241 00d4 4E       		.byte	78
 242 00d5 F0       		.byte	-16
 243 00d6 4F       		.byte	79
 244 00d7 44       		.byte	68
 245 00d8 50       		.byte	80
 246 00d9 0C       		.byte	12
 247 00da 54       		.byte	84
 248 00db 01       		.byte	1
 249 00dc 58       		.byte	88
 250 00dd 04       		.byte	4
 251 00de 59       		.byte	89
 252 00df 04       		.byte	4
 253 00e0 5A       		.byte	90
 254 00e1 04       		.byte	4
 255 00e2 5B       		.byte	91
 256 00e3 04       		.byte	4
 257 00e4 5F       		.byte	95
 258 00e5 01       		.byte	1
 259 00e6 66       		.byte	102
 260 00e7 C0       		.byte	-64
 261 00e8 6A       		.byte	106
 262 00e9 40       		.byte	64
 263 00ea 6B       		.byte	107
 264 00eb 02       		.byte	2
 265 00ec 84       		.byte	-124
 266 00ed 37       		.byte	55
 267 00ee 98       		.byte	-104
 268 00ef 12       		.byte	18
 269 00f0 9A       		.byte	-102
 270 00f1 29       		.byte	41
 271 00f2 9C       		.byte	-100
 272 00f3 24       		.byte	36
 273 00f4 9E       		.byte	-98
 274 00f5 11       		.byte	17
 275 00f6 A4       		.byte	-92
 276 00f7 37       		.byte	55
 277 00f8 A8       		.byte	-88
 278 00f9 01       		.byte	1
 279 00fa AA       		.byte	-86
 280 00fb 06       		.byte	6
 281 00fc B0       		.byte	-80
 282 00fd 08       		.byte	8
 283 00fe B4       		.byte	-76
 284 00ff 07       		.byte	7
 285 0100 B6       		.byte	-74
ARM GAS  C:\Users\santa\AppData\Local\Temp\ccnmToW1.s 			page 6


 286 0101 30       		.byte	48
 287 0102 D8       		.byte	-40
 288 0103 04       		.byte	4
 289 0104 DF       		.byte	-33
 290 0105 01       		.byte	1
 291 0106 00       		.byte	0
 292 0107 44       		.byte	68
 293 0108 01       		.byte	1
 294 0109 20       		.byte	32
 295 010a 04       		.byte	4
 296 010b 08       		.byte	8
 297 010c 08       		.byte	8
 298 010d 20       		.byte	32
 299 010e 09       		.byte	9
 300 010f 80       		.byte	-128
 301 0110 0C       		.byte	12
 302 0111 10       		.byte	16
 303 0112 0E       		.byte	14
 304 0113 01       		.byte	1
 305 0114 10       		.byte	16
 306 0115 8A       		.byte	-118
 307 0116 15       		.byte	21
 308 0117 04       		.byte	4
 309 0118 17       		.byte	23
 310 0119 20       		.byte	32
 311 011a 19       		.byte	25
 312 011b 20       		.byte	32
 313 011c 1A       		.byte	26
 314 011d 02       		.byte	2
 315 011e 1D       		.byte	29
 316 011f 10       		.byte	16
 317 0120 1E       		.byte	30
 318 0121 41       		.byte	65
 319 0122 20       		.byte	32
 320 0123 04       		.byte	4
 321 0124 21       		.byte	33
 322 0125 10       		.byte	16
 323 0126 22       		.byte	34
 324 0127 44       		.byte	68
 325 0128 23       		.byte	35
 326 0129 80       		.byte	-128
 327 012a 28       		.byte	40
 328 012b 20       		.byte	32
 329 012c 29       		.byte	41
 330 012d 28       		.byte	40
 331 012e 30       		.byte	48
 332 012f 2A       		.byte	42
 333 0130 32       		.byte	50
 334 0131 11       		.byte	17
 335 0132 35       		.byte	53
 336 0133 10       		.byte	16
 337 0134 37       		.byte	55
 338 0135 20       		.byte	32
 339 0136 38       		.byte	56
 340 0137 44       		.byte	68
 341 0138 3B       		.byte	59
 342 0139 60       		.byte	96
ARM GAS  C:\Users\santa\AppData\Local\Temp\ccnmToW1.s 			page 7


 343 013a 41       		.byte	65
 344 013b 10       		.byte	16
 345 013c 48       		.byte	72
 346 013d 28       		.byte	40
 347 013e 4B       		.byte	75
 348 013f 40       		.byte	64
 349 0140 51       		.byte	81
 350 0141 80       		.byte	-128
 351 0142 53       		.byte	83
 352 0143 10       		.byte	16
 353 0144 5A       		.byte	90
 354 0145 A8       		.byte	-88
 355 0146 5B       		.byte	91
 356 0147 02       		.byte	2
 357 0148 8B       		.byte	-117
 358 0149 12       		.byte	18
 359 014a C0       		.byte	-64
 360 014b 27       		.byte	39
 361 014c C2       		.byte	-62
 362 014d C3       		.byte	-61
 363 014e C4       		.byte	-60
 364 014f 6B       		.byte	107
 365 0150 CA       		.byte	-54
 366 0151 06       		.byte	6
 367 0152 CC       		.byte	-52
 368 0153 07       		.byte	7
 369 0154 CE       		.byte	-50
 370 0155 0E       		.byte	14
 371 0156 D0       		.byte	-48
 372 0157 04       		.byte	4
 373 0158 D2       		.byte	-46
 374 0159 0C       		.byte	12
 375 015a D6       		.byte	-42
 376 015b 0F       		.byte	15
 377 015c 01       		.byte	1
 378 015d 04       		.byte	4
 379 015e 07       		.byte	7
 380 015f 08       		.byte	8
 381 0160 09       		.byte	9
 382 0161 07       		.byte	7
 383 0162 0A       		.byte	10
 384 0163 01       		.byte	1
 385 0164 0F       		.byte	15
 386 0165 08       		.byte	8
 387 0166 11       		.byte	17
 388 0167 07       		.byte	7
 389 0168 12       		.byte	18
 390 0169 02       		.byte	2
 391 016a 17       		.byte	23
 392 016b 07       		.byte	7
 393 016c 19       		.byte	25
 394 016d 06       		.byte	6
 395 016e 1A       		.byte	26
 396 016f 04       		.byte	4
 397 0170 1E       		.byte	30
 398 0171 02       		.byte	2
 399 0172 25       		.byte	37
ARM GAS  C:\Users\santa\AppData\Local\Temp\ccnmToW1.s 			page 8


 400 0173 02       		.byte	2
 401 0174 26       		.byte	38
 402 0175 04       		.byte	4
 403 0176 2B       		.byte	43
 404 0177 07       		.byte	7
 405 0178 2F       		.byte	47
 406 0179 06       		.byte	6
 407 017a 30       		.byte	48
 408 017b 04       		.byte	4
 409 017c 33       		.byte	51
 410 017d 08       		.byte	8
 411 017e 35       		.byte	53
 412 017f 01       		.byte	1
 413 0180 36       		.byte	54
 414 0181 03       		.byte	3
 415 0182 37       		.byte	55
 416 0183 06       		.byte	6
 417 0184 39       		.byte	57
 418 0185 20       		.byte	32
 419 0186 3E       		.byte	62
 420 0187 41       		.byte	65
 421 0188 3F       		.byte	63
 422 0189 04       		.byte	4
 423 018a 40       		.byte	64
 424 018b 45       		.byte	69
 425 018c 41       		.byte	65
 426 018d 02       		.byte	2
 427 018e 42       		.byte	66
 428 018f 03       		.byte	3
 429 0190 44       		.byte	68
 430 0191 01       		.byte	1
 431 0192 45       		.byte	69
 432 0193 0C       		.byte	12
 433 0194 46       		.byte	70
 434 0195 0E       		.byte	14
 435 0196 48       		.byte	72
 436 0197 05       		.byte	5
 437 0198 49       		.byte	73
 438 0199 FF       		.byte	-1
 439 019a 4A       		.byte	74
 440 019b FF       		.byte	-1
 441 019c 4B       		.byte	75
 442 019d FF       		.byte	-1
 443 019e 4C       		.byte	76
 444 019f 62       		.byte	98
 445 01a0 4D       		.byte	77
 446 01a1 A0       		.byte	-96
 447 01a2 4E       		.byte	78
 448 01a3 F0       		.byte	-16
 449 01a4 4F       		.byte	79
 450 01a5 41       		.byte	65
 451 01a6 50       		.byte	80
 452 01a7 0C       		.byte	12
 453 01a8 54       		.byte	84
 454 01a9 18       		.byte	24
 455 01aa 56       		.byte	86
 456 01ab 04       		.byte	4
ARM GAS  C:\Users\santa\AppData\Local\Temp\ccnmToW1.s 			page 9


 457 01ac 58       		.byte	88
 458 01ad 04       		.byte	4
 459 01ae 59       		.byte	89
 460 01af 04       		.byte	4
 461 01b0 5A       		.byte	90
 462 01b1 04       		.byte	4
 463 01b2 5B       		.byte	91
 464 01b3 04       		.byte	4
 465 01b4 5F       		.byte	95
 466 01b5 01       		.byte	1
 467 01b6 66       		.byte	102
 468 01b7 40       		.byte	64
 469 01b8 67       		.byte	103
 470 01b9 02       		.byte	2
 471 01ba 69       		.byte	105
 472 01bb 10       		.byte	16
 473 01bc 6A       		.byte	106
 474 01bd 30       		.byte	48
 475 01be 6B       		.byte	107
 476 01bf 10       		.byte	16
 477 01c0 6D       		.byte	109
 478 01c1 10       		.byte	16
 479 01c2 6E       		.byte	110
 480 01c3 10       		.byte	16
 481 01c4 6F       		.byte	111
 482 01c5 12       		.byte	18
 483 01c6 84       		.byte	-124
 484 01c7 01       		.byte	1
 485 01c8 86       		.byte	-122
 486 01c9 06       		.byte	6
 487 01ca 89       		.byte	-119
 488 01cb 18       		.byte	24
 489 01cc 8B       		.byte	-117
 490 01cd 05       		.byte	5
 491 01ce 8C       		.byte	-116
 492 01cf 01       		.byte	1
 493 01d0 8D       		.byte	-115
 494 01d1 18       		.byte	24
 495 01d2 8E       		.byte	-114
 496 01d3 0E       		.byte	14
 497 01d4 8F       		.byte	-113
 498 01d5 03       		.byte	3
 499 01d6 93       		.byte	-109
 500 01d7 06       		.byte	6
 501 01d8 94       		.byte	-108
 502 01d9 0C       		.byte	12
 503 01da 96       		.byte	-106
 504 01db 03       		.byte	3
 505 01dc 97       		.byte	-105
 506 01dd 09       		.byte	9
 507 01de 9E       		.byte	-98
 508 01df 0C       		.byte	12
 509 01e0 9F       		.byte	-97
 510 01e1 02       		.byte	2
 511 01e2 A2       		.byte	-94
 512 01e3 08       		.byte	8
 513 01e4 A5       		.byte	-91
ARM GAS  C:\Users\santa\AppData\Local\Temp\ccnmToW1.s 			page 10


 514 01e5 16       		.byte	22
 515 01e6 A7       		.byte	-89
 516 01e7 01       		.byte	1
 517 01e8 AA       		.byte	-86
 518 01e9 03       		.byte	3
 519 01ea B1       		.byte	-79
 520 01eb 07       		.byte	7
 521 01ec B2       		.byte	-78
 522 01ed 0F       		.byte	15
 523 01ee B3       		.byte	-77
 524 01ef 18       		.byte	24
 525 01f0 B9       		.byte	-71
 526 01f1 08       		.byte	8
 527 01f2 BA       		.byte	-70
 528 01f3 08       		.byte	8
 529 01f4 BB       		.byte	-69
 530 01f5 02       		.byte	2
 531 01f6 BF       		.byte	-65
 532 01f7 04       		.byte	4
 533 01f8 C0       		.byte	-64
 534 01f9 03       		.byte	3
 535 01fa C6       		.byte	-58
 536 01fb 04       		.byte	4
 537 01fc C9       		.byte	-55
 538 01fd FF       		.byte	-1
 539 01fe CA       		.byte	-54
 540 01ff 07       		.byte	7
 541 0200 CB       		.byte	-53
 542 0201 FF       		.byte	-1
 543 0202 CC       		.byte	-52
 544 0203 40       		.byte	64
 545 0204 CD       		.byte	-51
 546 0205 20       		.byte	32
 547 0206 CE       		.byte	-50
 548 0207 F0       		.byte	-16
 549 0208 CF       		.byte	-49
 550 0209 05       		.byte	5
 551 020a D0       		.byte	-48
 552 020b 08       		.byte	8
 553 020c D8       		.byte	-40
 554 020d 04       		.byte	4
 555 020e D9       		.byte	-39
 556 020f 04       		.byte	4
 557 0210 DA       		.byte	-38
 558 0211 04       		.byte	4
 559 0212 DF       		.byte	-33
 560 0213 01       		.byte	1
 561 0214 E0       		.byte	-32
 562 0215 40       		.byte	64
 563 0216 E1       		.byte	-31
 564 0217 A8       		.byte	-88
 565 0218 E2       		.byte	-30
 566 0219 40       		.byte	64
 567 021a E3       		.byte	-29
 568 021b 20       		.byte	32
 569 021c 00       		.byte	0
 570 021d 40       		.byte	64
ARM GAS  C:\Users\santa\AppData\Local\Temp\ccnmToW1.s 			page 11


 571 021e 02       		.byte	2
 572 021f 10       		.byte	16
 573 0220 05       		.byte	5
 574 0221 10       		.byte	16
 575 0222 0A       		.byte	10
 576 0223 22       		.byte	34
 577 0224 0C       		.byte	12
 578 0225 40       		.byte	64
 579 0226 0E       		.byte	14
 580 0227 01       		.byte	1
 581 0228 0F       		.byte	15
 582 0229 48       		.byte	72
 583 022a 10       		.byte	16
 584 022b 88       		.byte	-120
 585 022c 17       		.byte	23
 586 022d 04       		.byte	4
 587 022e 19       		.byte	25
 588 022f 08       		.byte	8
 589 0230 1A       		.byte	26
 590 0231 20       		.byte	32
 591 0232 1D       		.byte	29
 592 0233 80       		.byte	-128
 593 0234 1F       		.byte	31
 594 0235 01       		.byte	1
 595 0236 20       		.byte	32
 596 0237 40       		.byte	64
 597 0238 21       		.byte	33
 598 0239 04       		.byte	4
 599 023a 24       		.byte	36
 600 023b 04       		.byte	4
 601 023c 26       		.byte	38
 602 023d 08       		.byte	8
 603 023e 27       		.byte	39
 604 023f 02       		.byte	2
 605 0240 29       		.byte	41
 606 0241 08       		.byte	8
 607 0242 2C       		.byte	44
 608 0243 10       		.byte	16
 609 0244 2D       		.byte	45
 610 0245 80       		.byte	-128
 611 0246 2F       		.byte	47
 612 0247 04       		.byte	4
 613 0248 30       		.byte	48
 614 0249 88       		.byte	-120
 615 024a 32       		.byte	50
 616 024b 01       		.byte	1
 617 024c 35       		.byte	53
 618 024d 10       		.byte	16
 619 024e 36       		.byte	54
 620 024f 04       		.byte	4
 621 0250 37       		.byte	55
 622 0251 01       		.byte	1
 623 0252 38       		.byte	56
 624 0253 40       		.byte	64
 625 0254 39       		.byte	57
 626 0255 20       		.byte	32
 627 0256 3A       		.byte	58
ARM GAS  C:\Users\santa\AppData\Local\Temp\ccnmToW1.s 			page 12


 628 0257 10       		.byte	16
 629 0258 3C       		.byte	60
 630 0259 04       		.byte	4
 631 025a 3D       		.byte	61
 632 025b 20       		.byte	32
 633 025c 3E       		.byte	62
 634 025d 01       		.byte	1
 635 025e 3F       		.byte	63
 636 025f 80       		.byte	-128
 637 0260 41       		.byte	65
 638 0261 04       		.byte	4
 639 0262 45       		.byte	69
 640 0263 90       		.byte	-112
 641 0264 47       		.byte	71
 642 0265 25       		.byte	37
 643 0266 4D       		.byte	77
 644 0267 80       		.byte	-128
 645 0268 4F       		.byte	79
 646 0269 08       		.byte	8
 647 026a 50       		.byte	80
 648 026b 88       		.byte	-120
 649 026c 57       		.byte	87
 650 026d 40       		.byte	64
 651 026e 5F       		.byte	95
 652 026f 02       		.byte	2
 653 0270 64       		.byte	100
 654 0271 04       		.byte	4
 655 0272 66       		.byte	102
 656 0273 01       		.byte	1
 657 0274 67       		.byte	103
 658 0275 02       		.byte	2
 659 0276 82       		.byte	-126
 660 0277 01       		.byte	1
 661 0278 91       		.byte	-111
 662 0279 20       		.byte	32
 663 027a 92       		.byte	-110
 664 027b 43       		.byte	67
 665 027c 94       		.byte	-108
 666 027d 48       		.byte	72
 667 027e 95       		.byte	-107
 668 027f 04       		.byte	4
 669 0280 99       		.byte	-103
 670 0281 10       		.byte	16
 671 0282 9C       		.byte	-100
 672 0283 10       		.byte	16
 673 0284 9D       		.byte	-99
 674 0285 08       		.byte	8
 675 0286 A4       		.byte	-92
 676 0287 88       		.byte	-120
 677 0288 B7       		.byte	-73
 678 0289 80       		.byte	-128
 679 028a C0       		.byte	-64
 680 028b 45       		.byte	69
 681 028c C2       		.byte	-62
 682 028d D5       		.byte	-43
 683 028e C4       		.byte	-60
 684 028f 2A       		.byte	42
ARM GAS  C:\Users\santa\AppData\Local\Temp\ccnmToW1.s 			page 13


 685 0290 CA       		.byte	-54
 686 0291 72       		.byte	114
 687 0292 CC       		.byte	-52
 688 0293 EB       		.byte	-21
 689 0294 CE       		.byte	-50
 690 0295 FC       		.byte	-4
 691 0296 D0       		.byte	-48
 692 0297 F2       		.byte	-14
 693 0298 D2       		.byte	-46
 694 0299 10       		.byte	16
 695 029a D6       		.byte	-42
 696 029b 80       		.byte	-128
 697 029c D8       		.byte	-40
 698 029d B0       		.byte	-80
 699 029e EE       		.byte	-18
 700 029f 10       		.byte	16
 701 02a0 80       		.byte	-128
 702 02a1 01       		.byte	1
 703 02a2 83       		.byte	-125
 704 02a3 E3       		.byte	-29
 705 02a4 84       		.byte	-124
 706 02a5 18       		.byte	24
 707 02a6 85       		.byte	-123
 708 02a7 08       		.byte	8
 709 02a8 88       		.byte	-120
 710 02a9 08       		.byte	8
 711 02aa 89       		.byte	-119
 712 02ab 18       		.byte	24
 713 02ac 8D       		.byte	-115
 714 02ad 44       		.byte	68
 715 02ae 8E       		.byte	-114
 716 02af 04       		.byte	4
 717 02b0 90       		.byte	-112
 718 02b1 1E       		.byte	30
 719 02b2 91       		.byte	-111
 720 02b3 E7       		.byte	-25
 721 02b4 93       		.byte	-109
 722 02b5 18       		.byte	24
 723 02b6 94       		.byte	-108
 724 02b7 1A       		.byte	26
 725 02b8 95       		.byte	-107
 726 02b9 3C       		.byte	60
 727 02ba 96       		.byte	-106
 728 02bb 04       		.byte	4
 729 02bc 97       		.byte	-105
 730 02bd C2       		.byte	-62
 731 02be 98       		.byte	-104
 732 02bf 1A       		.byte	26
 733 02c0 99       		.byte	-103
 734 02c1 C0       		.byte	-64
 735 02c2 9A       		.byte	-102
 736 02c3 04       		.byte	4
 737 02c4 9C       		.byte	-100
 738 02c5 10       		.byte	16
 739 02c6 9D       		.byte	-99
 740 02c7 80       		.byte	-128
 741 02c8 A0       		.byte	-96
ARM GAS  C:\Users\santa\AppData\Local\Temp\ccnmToW1.s 			page 14


 742 02c9 06       		.byte	6
 743 02ca A1       		.byte	-95
 744 02cb 10       		.byte	16
 745 02cc A2       		.byte	-94
 746 02cd 18       		.byte	24
 747 02ce A4       		.byte	-92
 748 02cf 01       		.byte	1
 749 02d0 A5       		.byte	-91
 750 02d1 FF       		.byte	-1
 751 02d2 A8       		.byte	-88
 752 02d3 01       		.byte	1
 753 02d4 A9       		.byte	-87
 754 02d5 DC       		.byte	-36
 755 02d6 AB       		.byte	-85
 756 02d7 21       		.byte	33
 757 02d8 AF       		.byte	-81
 758 02d9 04       		.byte	4
 759 02da B0       		.byte	-80
 760 02db 02       		.byte	2
 761 02dc B2       		.byte	-78
 762 02dd 1C       		.byte	28
 763 02de B3       		.byte	-77
 764 02df 1F       		.byte	31
 765 02e0 B5       		.byte	-75
 766 02e1 38       		.byte	56
 767 02e2 B6       		.byte	-74
 768 02e3 01       		.byte	1
 769 02e4 B7       		.byte	-73
 770 02e5 D8       		.byte	-40
 771 02e6 BA       		.byte	-70
 772 02e7 28       		.byte	40
 773 02e8 BB       		.byte	-69
 774 02e9 88       		.byte	-120
 775 02ea BE       		.byte	-66
 776 02eb 01       		.byte	1
 777 02ec D6       		.byte	-42
 778 02ed 02       		.byte	2
 779 02ee D7       		.byte	-41
 780 02ef 10       		.byte	16
 781 02f0 D8       		.byte	-40
 782 02f1 04       		.byte	4
 783 02f2 D9       		.byte	-39
 784 02f3 04       		.byte	4
 785 02f4 DB       		.byte	-37
 786 02f5 04       		.byte	4
 787 02f6 DF       		.byte	-33
 788 02f7 01       		.byte	1
 789 02f8 04       		.byte	4
 790 02f9 02       		.byte	2
 791 02fa 05       		.byte	5
 792 02fb 40       		.byte	64
 793 02fc 06       		.byte	6
 794 02fd 20       		.byte	32
 795 02fe 07       		.byte	7
 796 02ff 08       		.byte	8
 797 0300 0C       		.byte	12
 798 0301 80       		.byte	-128
ARM GAS  C:\Users\santa\AppData\Local\Temp\ccnmToW1.s 			page 15


 799 0302 0D       		.byte	13
 800 0303 02       		.byte	2
 801 0304 0E       		.byte	14
 802 0305 28       		.byte	40
 803 0306 15       		.byte	21
 804 0307 14       		.byte	20
 805 0308 17       		.byte	23
 806 0309 01       		.byte	1
 807 030a 1C       		.byte	28
 808 030b 40       		.byte	64
 809 030c 1D       		.byte	29
 810 030d 40       		.byte	64
 811 030e 1E       		.byte	30
 812 030f 25       		.byte	37
 813 0310 1F       		.byte	31
 814 0311 04       		.byte	4
 815 0312 26       		.byte	38
 816 0313 04       		.byte	4
 817 0314 27       		.byte	39
 818 0315 05       		.byte	5
 819 0316 2C       		.byte	44
 820 0317 80       		.byte	-128
 821 0318 2E       		.byte	46
 822 0319 44       		.byte	68
 823 031a 2F       		.byte	47
 824 031b 04       		.byte	4
 825 031c 34       		.byte	52
 826 031d 40       		.byte	64
 827 031e 35       		.byte	53
 828 031f 10       		.byte	16
 829 0320 36       		.byte	54
 830 0321 04       		.byte	4
 831 0322 37       		.byte	55
 832 0323 01       		.byte	1
 833 0324 3E       		.byte	62
 834 0325 29       		.byte	41
 835 0326 3F       		.byte	63
 836 0327 40       		.byte	64
 837 0328 5C       		.byte	92
 838 0329 40       		.byte	64
 839 032a 65       		.byte	101
 840 032b C0       		.byte	-64
 841 032c 6C       		.byte	108
 842 032d 05       		.byte	5
 843 032e 6D       		.byte	109
 844 032f 14       		.byte	20
 845 0330 74       		.byte	116
 846 0331 80       		.byte	-128
 847 0332 76       		.byte	118
 848 0333 28       		.byte	40
 849 0334 77       		.byte	119
 850 0335 08       		.byte	8
 851 0336 92       		.byte	-110
 852 0337 40       		.byte	64
 853 0338 93       		.byte	-109
 854 0339 40       		.byte	64
 855 033a 94       		.byte	-108
ARM GAS  C:\Users\santa\AppData\Local\Temp\ccnmToW1.s 			page 16


 856 033b 08       		.byte	8
 857 033c 95       		.byte	-107
 858 033d 04       		.byte	4
 859 033e 97       		.byte	-105
 860 033f 08       		.byte	8
 861 0340 98       		.byte	-104
 862 0341 40       		.byte	64
 863 0342 99       		.byte	-103
 864 0343 10       		.byte	16
 865 0344 9D       		.byte	-99
 866 0345 80       		.byte	-128
 867 0346 9F       		.byte	-97
 868 0347 25       		.byte	37
 869 0348 A6       		.byte	-90
 870 0349 04       		.byte	4
 871 034a AC       		.byte	-84
 872 034b 14       		.byte	20
 873 034c AE       		.byte	-82
 874 034d 08       		.byte	8
 875 034e AF       		.byte	-81
 876 034f 40       		.byte	64
 877 0350 C0       		.byte	-64
 878 0351 F0       		.byte	-16
 879 0352 C2       		.byte	-62
 880 0353 F0       		.byte	-16
 881 0354 C4       		.byte	-60
 882 0355 70       		.byte	112
 883 0356 CA       		.byte	-54
 884 0357 F0       		.byte	-16
 885 0358 CC       		.byte	-52
 886 0359 F0       		.byte	-16
 887 035a CE       		.byte	-50
 888 035b F0       		.byte	-16
 889 035c D6       		.byte	-42
 890 035d 10       		.byte	16
 891 035e E8       		.byte	-24
 892 035f 80       		.byte	-128
 893 0360 EC       		.byte	-20
 894 0361 10       		.byte	16
 895 0362 AD       		.byte	-83
 896 0363 02       		.byte	2
 897 0364 AE       		.byte	-82
 898 0365 04       		.byte	4
 899 0366 AF       		.byte	-81
 900 0367 20       		.byte	32
 901 0368 EE       		.byte	-18
 902 0369 02       		.byte	2
 903 036a EE       		.byte	-18
 904 036b 02       		.byte	2
 905 036c E8       		.byte	-24
 906 036d 80       		.byte	-128
 907 036e EC       		.byte	-20
 908 036f 10       		.byte	16
 909 0370 02       		.byte	2
 910 0371 01       		.byte	1
 911 0372 2E       		.byte	46
 912 0373 01       		.byte	1
ARM GAS  C:\Users\santa\AppData\Local\Temp\ccnmToW1.s 			page 17


 913 0374 30       		.byte	48
 914 0375 01       		.byte	1
 915 0376 40       		.byte	64
 916 0377 51       		.byte	81
 917 0378 49       		.byte	73
 918 0379 FF       		.byte	-1
 919 037a 4A       		.byte	74
 920 037b FF       		.byte	-1
 921 037c 4B       		.byte	75
 922 037d FF       		.byte	-1
 923 037e 4F       		.byte	79
 924 037f 01       		.byte	1
 925 0380 50       		.byte	80
 926 0381 18       		.byte	24
 927 0382 58       		.byte	88
 928 0383 04       		.byte	4
 929 0384 5A       		.byte	90
 930 0385 04       		.byte	4
 931 0386 5C       		.byte	92
 932 0387 01       		.byte	1
 933 0388 5D       		.byte	93
 934 0389 01       		.byte	1
 935 038a 5F       		.byte	95
 936 038b 01       		.byte	1
 937 038c 60       		.byte	96
 938 038d 40       		.byte	64
 939 038e 62       		.byte	98
 940 038f 40       		.byte	64
 941 0390 64       		.byte	100
 942 0391 40       		.byte	64
 943 0392 65       		.byte	101
 944 0393 40       		.byte	64
 945 0394 66       		.byte	102
 946 0395 80       		.byte	-128
 947 0396 68       		.byte	104
 948 0397 80       		.byte	-128
 949 0398 6A       		.byte	106
 950 0399 80       		.byte	-128
 951 039a 6C       		.byte	108
 952 039b 80       		.byte	-128
 953 039c 6E       		.byte	110
 954 039d 80       		.byte	-128
 955 039e 92       		.byte	-110
 956 039f 01       		.byte	1
 957 03a0 AE       		.byte	-82
 958 03a1 01       		.byte	1
 959 03a2 B0       		.byte	-80
 960 03a3 01       		.byte	1
 961 03a4 BE       		.byte	-66
 962 03a5 01       		.byte	1
 963 03a6 C0       		.byte	-64
 964 03a7 15       		.byte	21
 965 03a8 C5       		.byte	-59
 966 03a9 EC       		.byte	-20
 967 03aa C6       		.byte	-58
 968 03ab 02       		.byte	2
 969 03ac C8       		.byte	-56
ARM GAS  C:\Users\santa\AppData\Local\Temp\ccnmToW1.s 			page 18


 970 03ad 07       		.byte	7
 971 03ae C9       		.byte	-55
 972 03af FF       		.byte	-1
 973 03b0 CA       		.byte	-54
 974 03b1 FF       		.byte	-1
 975 03b2 CB       		.byte	-53
 976 03b3 FF       		.byte	-1
 977 03b4 CD       		.byte	-51
 978 03b5 83       		.byte	-125
 979 03b6 CE       		.byte	-50
 980 03b7 03       		.byte	3
 981 03b8 CF       		.byte	-49
 982 03b9 01       		.byte	1
 983 03ba D0       		.byte	-48
 984 03bb 18       		.byte	24
 985 03bc D2       		.byte	-46
 986 03bd 80       		.byte	-128
 987 03be D4       		.byte	-44
 988 03bf 01       		.byte	1
 989 03c0 D8       		.byte	-40
 990 03c1 04       		.byte	4
 991 03c2 DA       		.byte	-38
 992 03c3 04       		.byte	4
 993 03c4 DB       		.byte	-37
 994 03c5 04       		.byte	4
 995 03c6 DD       		.byte	-35
 996 03c7 11       		.byte	17
 997 03c8 DF       		.byte	-33
 998 03c9 01       		.byte	1
 999 03ca E0       		.byte	-32
 1000 03cb 40       		.byte	64
 1001 03cc E2       		.byte	-30
 1002 03cd 40       		.byte	64
 1003 03ce E4       		.byte	-28
 1004 03cf 40       		.byte	64
 1005 03d0 E5       		.byte	-27
 1006 03d1 40       		.byte	64
 1007 03d2 E6       		.byte	-26
 1008 03d3 80       		.byte	-128
 1009 03d4 E8       		.byte	-24
 1010 03d5 80       		.byte	-128
 1011 03d6 EA       		.byte	-22
 1012 03d7 80       		.byte	-128
 1013 03d8 EC       		.byte	-20
 1014 03d9 80       		.byte	-128
 1015 03da EE       		.byte	-18
 1016 03db 80       		.byte	-128
 1017 03dc 03       		.byte	3
 1018 03dd 80       		.byte	-128
 1019 03de 0F       		.byte	15
 1020 03df 80       		.byte	-128
 1021 03e0 13       		.byte	19
 1022 03e1 80       		.byte	-128
 1023 03e2 17       		.byte	23
 1024 03e3 40       		.byte	64
 1025 03e4 1A       		.byte	26
 1026 03e5 80       		.byte	-128
ARM GAS  C:\Users\santa\AppData\Local\Temp\ccnmToW1.s 			page 19


 1027 03e6 1E       		.byte	30
 1028 03e7 80       		.byte	-128
 1029 03e8 43       		.byte	67
 1030 03e9 80       		.byte	-128
 1031 03ea 47       		.byte	71
 1032 03eb 40       		.byte	64
 1033 03ec 48       		.byte	72
 1034 03ed 01       		.byte	1
 1035 03ee 4D       		.byte	77
 1036 03ef 05       		.byte	5
 1037 03f0 4F       		.byte	79
 1038 03f1 80       		.byte	-128
 1039 03f2 57       		.byte	87
 1040 03f3 C0       		.byte	-64
 1041 03f4 5D       		.byte	93
 1042 03f5 05       		.byte	5
 1043 03f6 5E       		.byte	94
 1044 03f7 80       		.byte	-128
 1045 03f8 74       		.byte	116
 1046 03f9 01       		.byte	1
 1047 03fa 77       		.byte	119
 1048 03fb C0       		.byte	-64
 1049 03fc 82       		.byte	-126
 1050 03fd 40       		.byte	64
 1051 03fe C0       		.byte	-64
 1052 03ff 08       		.byte	8
 1053 0400 C2       		.byte	-62
 1054 0401 10       		.byte	16
 1055 0402 C4       		.byte	-60
 1056 0403 81       		.byte	-127
 1057 0404 D0       		.byte	-48
 1058 0405 18       		.byte	24
 1059 0406 D2       		.byte	-46
 1060 0407 18       		.byte	24
 1061 0408 D6       		.byte	-42
 1062 0409 D0       		.byte	-48
 1063 040a EA       		.byte	-22
 1064 040b 01       		.byte	1
 1065 040c E6       		.byte	-26
 1066 040d 04       		.byte	4
 1067 040e E6       		.byte	-26
 1068 040f 04       		.byte	4
 1069 0410 EA       		.byte	-22
 1070 0411 01       		.byte	1
 1071 0412 33       		.byte	51
 1072 0413 10       		.byte	16
 1073 0414 37       		.byte	55
 1074 0415 40       		.byte	64
 1075 0416 CC       		.byte	-52
 1076 0417 30       		.byte	48
 1077 0418 01       		.byte	1
 1078 0419 22       		.byte	34
 1079 041a 04       		.byte	4
 1080 041b 01       		.byte	1
 1081 041c 50       		.byte	80
 1082 041d 08       		.byte	8
 1083 041e 5A       		.byte	90
ARM GAS  C:\Users\santa\AppData\Local\Temp\ccnmToW1.s 			page 20


 1084 041f 20       		.byte	32
 1085 0420 5F       		.byte	95
 1086 0421 40       		.byte	64
 1087 0422 83       		.byte	-125
 1088 0423 10       		.byte	16
 1089 0424 9F       		.byte	-97
 1090 0425 50       		.byte	80
 1091 0426 A0       		.byte	-96
 1092 0427 08       		.byte	8
 1093 0428 B4       		.byte	-76
 1094 0429 08       		.byte	8
 1095 042a C0       		.byte	-64
 1096 042b 70       		.byte	112
 1097 042c D4       		.byte	-44
 1098 042d A0       		.byte	-96
 1099 042e D6       		.byte	-42
 1100 042f 20       		.byte	32
 1101 0430 E2       		.byte	-30
 1102 0431 20       		.byte	32
 1103 0432 3E       		.byte	62
 1104 0433 10       		.byte	16
 1105 0434 96       		.byte	-106
 1106 0435 20       		.byte	32
 1107 0436 97       		.byte	-105
 1108 0437 40       		.byte	64
 1109 0438 9F       		.byte	-97
 1110 0439 40       		.byte	64
 1111 043a AD       		.byte	-83
 1112 043b 20       		.byte	32
 1113 043c B1       		.byte	-79
 1114 043d 02       		.byte	2
 1115 043e B4       		.byte	-76
 1116 043f 01       		.byte	1
 1117 0440 CE       		.byte	-50
 1118 0441 20       		.byte	32
 1119 0442 EC       		.byte	-20
 1120 0443 40       		.byte	64
 1121 0444 96       		.byte	-106
 1122 0445 30       		.byte	48
 1123 0446 9F       		.byte	-97
 1124 0447 40       		.byte	64
 1125 0448 AF       		.byte	-81
 1126 0449 40       		.byte	64
 1127 044a EE       		.byte	-18
 1128 044b 40       		.byte	64
 1129 044c 98       		.byte	-104
 1130 044d 20       		.byte	32
 1131 044e A1       		.byte	-95
 1132 044f 10       		.byte	16
 1133 0450 B0       		.byte	-80
 1134 0451 20       		.byte	32
 1135 0452 B5       		.byte	-75
 1136 0453 10       		.byte	16
 1137 0454 E8       		.byte	-24
 1138 0455 01       		.byte	1
 1139 0456 EC       		.byte	-20
 1140 0457 08       		.byte	8
ARM GAS  C:\Users\santa\AppData\Local\Temp\ccnmToW1.s 			page 21


 1141 0458 98       		.byte	-104
 1142 0459 20       		.byte	32
 1143 045a 9C       		.byte	-100
 1144 045b 80       		.byte	-128
 1145 045c A1       		.byte	-95
 1146 045d 10       		.byte	16
 1147 045e AC       		.byte	-84
 1148 045f 80       		.byte	-128
 1149 0460 82       		.byte	-126
 1150 0461 10       		.byte	16
 1151 0462 96       		.byte	-106
 1152 0463 30       		.byte	48
 1153 0464 9F       		.byte	-97
 1154 0465 40       		.byte	64
 1155 0466 E6       		.byte	-26
 1156 0467 20       		.byte	32
 1157 0468 83       		.byte	-125
 1158 0469 40       		.byte	64
 1159 046a 9F       		.byte	-97
 1160 046b 40       		.byte	64
 1161 046c AA       		.byte	-86
 1162 046d 10       		.byte	16
 1163 046e E6       		.byte	-26
 1164 046f 80       		.byte	-128
 1165 0470 EA       		.byte	-22
 1166 0471 80       		.byte	-128
 1167 0472 12       		.byte	18
 1168 0473 80       		.byte	-128
 1169 0474 13       		.byte	19
 1170 0475 20       		.byte	32
 1171 0476 14       		.byte	20
 1172 0477 80       		.byte	-128
 1173 0478 78       		.byte	120
 1174 0479 20       		.byte	32
 1175 047a 7D       		.byte	125
 1176 047b 20       		.byte	32
 1177 047c 82       		.byte	-126
 1178 047d 80       		.byte	-128
 1179 047e 98       		.byte	-104
 1180 047f 20       		.byte	32
 1181 0480 9C       		.byte	-100
 1182 0481 80       		.byte	-128
 1183 0482 A1       		.byte	-95
 1184 0483 10       		.byte	16
 1185 0484 C4       		.byte	-60
 1186 0485 0E       		.byte	14
 1187 0486 DE       		.byte	-34
 1188 0487 03       		.byte	3
 1189 0488 AB       		.byte	-85
 1190 0489 20       		.byte	32
 1191 048a 00       		.byte	0
 1192 048b 01       		.byte	1
 1193 048c 08       		.byte	8
 1194 048d 01       		.byte	1
 1195 048e 0A       		.byte	10
 1196 048f 01       		.byte	1
 1197 0490 10       		.byte	16
ARM GAS  C:\Users\santa\AppData\Local\Temp\ccnmToW1.s 			page 22


 1198 0491 02       		.byte	2
 1199 0492 1A       		.byte	26
 1200 0493 02       		.byte	2
 1201 0494 00       		.byte	0
 1202 0495 0F       		.byte	15
 1203 0496 03       		.byte	3
 1204 0497 C0       		.byte	-64
 1205 0498 0B       		.byte	11
 1206 0499 00       		.byte	0
 1207 049a 04       		.byte	4
 1208 049b 08       		.byte	8
 1209 049c 0B       		.byte	11
 1210 049d 00       		.byte	0
 1211 049e 0B       		.byte	11
 1212 049f 00       		.byte	0
 1213 04a0 00       		.byte	0
 1214 04a1 00       		.byte	0
 1215 04a2 00       		.byte	0
 1216 04a3 00       		.byte	0
 1217 04a4 00       		.byte	0
 1218 04a5 7F       		.byte	127
 1219 04a6 7F       		.byte	127
 1220 04a7 00       		.byte	0
 1221 04a8 00       		.byte	0
 1222 04a9 00       		.byte	0
 1223 04aa 00       		.byte	0
 1224 04ab 00       		.byte	0
 1225 04ac 00       		.byte	0
 1226 04ad 0B       		.byte	11
 1227 04ae 0B       		.byte	11
 1228 04af 00       		.byte	0
 1229 04b0 00       		.byte	0
 1230 04b1 00       		.byte	0
 1231 04b2 00       		.byte	0
 1232 04b3 00       		.byte	0
 1233              		.section	.cywolatch,"a",%progbits
 1234              		.align	2
 1235              		.type	cy_meta_wonvl, %object
 1236              		.size	cy_meta_wonvl, 4
 1237              	cy_meta_wonvl:
 1238 0000 BC       		.byte	-68
 1239 0001 90       		.byte	-112
 1240 0002 AC       		.byte	-84
 1241 0003 AF       		.byte	-81
 1242              		.section	.cycustnvl,"a",%progbits
 1243              		.align	2
 1244              		.type	cy_meta_custnvl, %object
 1245              		.size	cy_meta_custnvl, 4
 1246              	cy_meta_custnvl:
 1247 0000 00       		.byte	0
 1248 0001 00       		.byte	0
 1249 0002 40       		.byte	64
 1250 0003 05       		.byte	5
 1251              		.section	.cymeta,"a",%progbits
 1252              		.align	2
 1253              		.type	cy_metadata, %object
 1254              		.size	cy_metadata, 12
ARM GAS  C:\Users\santa\AppData\Local\Temp\ccnmToW1.s 			page 23


 1255              	cy_metadata:
 1256 0000 00       		.byte	0
 1257 0001 01       		.byte	1
 1258 0002 2E       		.byte	46
 1259 0003 16       		.byte	22
 1260 0004 10       		.byte	16
 1261 0005 69       		.byte	105
 1262 0006 00       		.byte	0
 1263 0007 01       		.byte	1
 1264 0008 00       		.byte	0
 1265 0009 00       		.byte	0
 1266 000a 00       		.byte	0
 1267 000b 00       		.byte	0
 1268              		.section	.cyflashprotect,"a",%progbits
 1269              		.align	2
 1270              		.type	cy_meta_flashprotect, %object
 1271              		.size	cy_meta_flashprotect, 256
 1272              	cy_meta_flashprotect:
 1273 0000 00000000 		.space	256
 1273      00000000 
 1273      00000000 
 1273      00000000 
 1273      00000000 
 1274              		.text
 1275              	.Letext0:
 1276              		.file 1 "c:\\program files (x86)\\cypress\\psoc creator\\4.2\\psoc creator\\import\\gnu\\arm\\5.4.
 1277              		.file 2 "c:\\program files (x86)\\cypress\\psoc creator\\4.2\\psoc creator\\import\\gnu\\arm\\5.4.
 1278              		.file 3 "Generated_Source\\PSoC5\\cymetadata.c"
 1279              		.section	.debug_info,"",%progbits
 1280              	.Ldebug_info0:
 1281 0000 32010000 		.4byte	0x132
 1282 0004 0400     		.2byte	0x4
 1283 0006 00000000 		.4byte	.Ldebug_abbrev0
 1284 000a 04       		.byte	0x4
 1285 000b 01       		.uleb128 0x1
 1286 000c 7E000000 		.4byte	.LASF17
 1287 0010 0C       		.byte	0xc
 1288 0011 D8010000 		.4byte	.LASF18
 1289 0015 16000000 		.4byte	.LASF19
 1290 0019 00000000 		.4byte	.Ldebug_line0
 1291 001d 02       		.uleb128 0x2
 1292 001e 01       		.byte	0x1
 1293 001f 06       		.byte	0x6
 1294 0020 CC010000 		.4byte	.LASF0
 1295 0024 03       		.uleb128 0x3
 1296 0025 00000000 		.4byte	.LASF9
 1297 0029 01       		.byte	0x1
 1298 002a 1D       		.byte	0x1d
 1299 002b 2F000000 		.4byte	0x2f
 1300 002f 02       		.uleb128 0x2
 1301 0030 01       		.byte	0x1
 1302 0031 08       		.byte	0x8
 1303 0032 70000000 		.4byte	.LASF1
 1304 0036 02       		.uleb128 0x2
 1305 0037 02       		.byte	0x2
 1306 0038 05       		.byte	0x5
 1307 0039 B9010000 		.4byte	.LASF2
ARM GAS  C:\Users\santa\AppData\Local\Temp\ccnmToW1.s 			page 24


 1308 003d 02       		.uleb128 0x2
 1309 003e 02       		.byte	0x2
 1310 003f 07       		.byte	0x7
 1311 0040 1E010000 		.4byte	.LASF3
 1312 0044 02       		.uleb128 0x2
 1313 0045 04       		.byte	0x4
 1314 0046 05       		.byte	0x5
 1315 0047 C3010000 		.4byte	.LASF4
 1316 004b 02       		.uleb128 0x2
 1317 004c 04       		.byte	0x4
 1318 004d 07       		.byte	0x7
 1319 004e 0C010000 		.4byte	.LASF5
 1320 0052 02       		.uleb128 0x2
 1321 0053 08       		.byte	0x8
 1322 0054 05       		.byte	0x5
 1323 0055 AB010000 		.4byte	.LASF6
 1324 0059 02       		.uleb128 0x2
 1325 005a 08       		.byte	0x8
 1326 005b 07       		.byte	0x7
 1327 005c 60010000 		.4byte	.LASF7
 1328 0060 04       		.uleb128 0x4
 1329 0061 04       		.byte	0x4
 1330 0062 05       		.byte	0x5
 1331 0063 696E7400 		.ascii	"int\000"
 1332 0067 02       		.uleb128 0x2
 1333 0068 04       		.byte	0x4
 1334 0069 07       		.byte	0x7
 1335 006a 53010000 		.4byte	.LASF8
 1336 006e 03       		.uleb128 0x3
 1337 006f 77010000 		.4byte	.LASF10
 1338 0073 02       		.byte	0x2
 1339 0074 18       		.byte	0x18
 1340 0075 24000000 		.4byte	0x24
 1341 0079 05       		.uleb128 0x5
 1342 007a 91000000 		.4byte	0x91
 1343 007e 8A000000 		.4byte	0x8a
 1344 0082 06       		.uleb128 0x6
 1345 0083 8A000000 		.4byte	0x8a
 1346 0087 B304     		.2byte	0x4b3
 1347 0089 00       		.byte	0
 1348 008a 02       		.uleb128 0x2
 1349 008b 04       		.byte	0x4
 1350 008c 07       		.byte	0x7
 1351 008d A2010000 		.4byte	.LASF11
 1352 0091 07       		.uleb128 0x7
 1353 0092 6E000000 		.4byte	0x6e
 1354 0096 08       		.uleb128 0x8
 1355 0097 41010000 		.4byte	.LASF12
 1356 009b 03       		.byte	0x3
 1357 009c 1F       		.byte	0x1f
 1358 009d A7000000 		.4byte	0xa7
 1359 00a1 05       		.uleb128 0x5
 1360 00a2 03       		.byte	0x3
 1361 00a3 00000000 		.4byte	cy_meta_configecc
 1362 00a7 07       		.uleb128 0x7
 1363 00a8 79000000 		.4byte	0x79
 1364 00ac 05       		.uleb128 0x5
ARM GAS  C:\Users\santa\AppData\Local\Temp\ccnmToW1.s 			page 25


 1365 00ad 91000000 		.4byte	0x91
 1366 00b1 BC000000 		.4byte	0xbc
 1367 00b5 09       		.uleb128 0x9
 1368 00b6 8A000000 		.4byte	0x8a
 1369 00ba 03       		.byte	0x3
 1370 00bb 00       		.byte	0
 1371 00bc 08       		.uleb128 0x8
 1372 00bd 31010000 		.4byte	.LASF13
 1373 00c1 03       		.byte	0x3
 1374 00c2 C3       		.byte	0xc3
 1375 00c3 CD000000 		.4byte	0xcd
 1376 00c7 05       		.uleb128 0x5
 1377 00c8 03       		.byte	0x3
 1378 00c9 00000000 		.4byte	cy_meta_custnvl
 1379 00cd 07       		.uleb128 0x7
 1380 00ce AC000000 		.4byte	0xac
 1381 00d2 08       		.uleb128 0x8
 1382 00d3 94010000 		.4byte	.LASF14
 1383 00d7 03       		.byte	0x3
 1384 00d8 D1       		.byte	0xd1
 1385 00d9 E3000000 		.4byte	0xe3
 1386 00dd 05       		.uleb128 0x5
 1387 00de 03       		.byte	0x3
 1388 00df 00000000 		.4byte	cy_meta_wonvl
 1389 00e3 07       		.uleb128 0x7
 1390 00e4 AC000000 		.4byte	0xac
 1391 00e8 05       		.uleb128 0x5
 1392 00e9 91000000 		.4byte	0x91
 1393 00ed F8000000 		.4byte	0xf8
 1394 00f1 09       		.uleb128 0x9
 1395 00f2 8A000000 		.4byte	0x8a
 1396 00f6 FF       		.byte	0xff
 1397 00f7 00       		.byte	0
 1398 00f8 08       		.uleb128 0x8
 1399 00f9 7F010000 		.4byte	.LASF15
 1400 00fd 03       		.byte	0x3
 1401 00fe DF       		.byte	0xdf
 1402 00ff 09010000 		.4byte	0x109
 1403 0103 05       		.uleb128 0x5
 1404 0104 03       		.byte	0x3
 1405 0105 00000000 		.4byte	cy_meta_flashprotect
 1406 0109 07       		.uleb128 0x7
 1407 010a E8000000 		.4byte	0xe8
 1408 010e 05       		.uleb128 0x5
 1409 010f 91000000 		.4byte	0x91
 1410 0113 1E010000 		.4byte	0x11e
 1411 0117 09       		.uleb128 0x9
 1412 0118 8A000000 		.4byte	0x8a
 1413 011c 0B       		.byte	0xb
 1414 011d 00       		.byte	0
 1415 011e 0A       		.uleb128 0xa
 1416 011f 0A000000 		.4byte	.LASF16
 1417 0123 03       		.byte	0x3
 1418 0124 0C01     		.2byte	0x10c
 1419 0126 30010000 		.4byte	0x130
 1420 012a 05       		.uleb128 0x5
 1421 012b 03       		.byte	0x3
ARM GAS  C:\Users\santa\AppData\Local\Temp\ccnmToW1.s 			page 26


 1422 012c 00000000 		.4byte	cy_metadata
 1423 0130 07       		.uleb128 0x7
 1424 0131 0E010000 		.4byte	0x10e
 1425 0135 00       		.byte	0
 1426              		.section	.debug_abbrev,"",%progbits
 1427              	.Ldebug_abbrev0:
 1428 0000 01       		.uleb128 0x1
 1429 0001 11       		.uleb128 0x11
 1430 0002 01       		.byte	0x1
 1431 0003 25       		.uleb128 0x25
 1432 0004 0E       		.uleb128 0xe
 1433 0005 13       		.uleb128 0x13
 1434 0006 0B       		.uleb128 0xb
 1435 0007 03       		.uleb128 0x3
 1436 0008 0E       		.uleb128 0xe
 1437 0009 1B       		.uleb128 0x1b
 1438 000a 0E       		.uleb128 0xe
 1439 000b 10       		.uleb128 0x10
 1440 000c 17       		.uleb128 0x17
 1441 000d 00       		.byte	0
 1442 000e 00       		.byte	0
 1443 000f 02       		.uleb128 0x2
 1444 0010 24       		.uleb128 0x24
 1445 0011 00       		.byte	0
 1446 0012 0B       		.uleb128 0xb
 1447 0013 0B       		.uleb128 0xb
 1448 0014 3E       		.uleb128 0x3e
 1449 0015 0B       		.uleb128 0xb
 1450 0016 03       		.uleb128 0x3
 1451 0017 0E       		.uleb128 0xe
 1452 0018 00       		.byte	0
 1453 0019 00       		.byte	0
 1454 001a 03       		.uleb128 0x3
 1455 001b 16       		.uleb128 0x16
 1456 001c 00       		.byte	0
 1457 001d 03       		.uleb128 0x3
 1458 001e 0E       		.uleb128 0xe
 1459 001f 3A       		.uleb128 0x3a
 1460 0020 0B       		.uleb128 0xb
 1461 0021 3B       		.uleb128 0x3b
 1462 0022 0B       		.uleb128 0xb
 1463 0023 49       		.uleb128 0x49
 1464 0024 13       		.uleb128 0x13
 1465 0025 00       		.byte	0
 1466 0026 00       		.byte	0
 1467 0027 04       		.uleb128 0x4
 1468 0028 24       		.uleb128 0x24
 1469 0029 00       		.byte	0
 1470 002a 0B       		.uleb128 0xb
 1471 002b 0B       		.uleb128 0xb
 1472 002c 3E       		.uleb128 0x3e
 1473 002d 0B       		.uleb128 0xb
 1474 002e 03       		.uleb128 0x3
 1475 002f 08       		.uleb128 0x8
 1476 0030 00       		.byte	0
 1477 0031 00       		.byte	0
 1478 0032 05       		.uleb128 0x5
ARM GAS  C:\Users\santa\AppData\Local\Temp\ccnmToW1.s 			page 27


 1479 0033 01       		.uleb128 0x1
 1480 0034 01       		.byte	0x1
 1481 0035 49       		.uleb128 0x49
 1482 0036 13       		.uleb128 0x13
 1483 0037 01       		.uleb128 0x1
 1484 0038 13       		.uleb128 0x13
 1485 0039 00       		.byte	0
 1486 003a 00       		.byte	0
 1487 003b 06       		.uleb128 0x6
 1488 003c 21       		.uleb128 0x21
 1489 003d 00       		.byte	0
 1490 003e 49       		.uleb128 0x49
 1491 003f 13       		.uleb128 0x13
 1492 0040 2F       		.uleb128 0x2f
 1493 0041 05       		.uleb128 0x5
 1494 0042 00       		.byte	0
 1495 0043 00       		.byte	0
 1496 0044 07       		.uleb128 0x7
 1497 0045 26       		.uleb128 0x26
 1498 0046 00       		.byte	0
 1499 0047 49       		.uleb128 0x49
 1500 0048 13       		.uleb128 0x13
 1501 0049 00       		.byte	0
 1502 004a 00       		.byte	0
 1503 004b 08       		.uleb128 0x8
 1504 004c 34       		.uleb128 0x34
 1505 004d 00       		.byte	0
 1506 004e 03       		.uleb128 0x3
 1507 004f 0E       		.uleb128 0xe
 1508 0050 3A       		.uleb128 0x3a
 1509 0051 0B       		.uleb128 0xb
 1510 0052 3B       		.uleb128 0x3b
 1511 0053 0B       		.uleb128 0xb
 1512 0054 49       		.uleb128 0x49
 1513 0055 13       		.uleb128 0x13
 1514 0056 3F       		.uleb128 0x3f
 1515 0057 19       		.uleb128 0x19
 1516 0058 02       		.uleb128 0x2
 1517 0059 18       		.uleb128 0x18
 1518 005a 00       		.byte	0
 1519 005b 00       		.byte	0
 1520 005c 09       		.uleb128 0x9
 1521 005d 21       		.uleb128 0x21
 1522 005e 00       		.byte	0
 1523 005f 49       		.uleb128 0x49
 1524 0060 13       		.uleb128 0x13
 1525 0061 2F       		.uleb128 0x2f
 1526 0062 0B       		.uleb128 0xb
 1527 0063 00       		.byte	0
 1528 0064 00       		.byte	0
 1529 0065 0A       		.uleb128 0xa
 1530 0066 34       		.uleb128 0x34
 1531 0067 00       		.byte	0
 1532 0068 03       		.uleb128 0x3
 1533 0069 0E       		.uleb128 0xe
 1534 006a 3A       		.uleb128 0x3a
 1535 006b 0B       		.uleb128 0xb
ARM GAS  C:\Users\santa\AppData\Local\Temp\ccnmToW1.s 			page 28


 1536 006c 3B       		.uleb128 0x3b
 1537 006d 05       		.uleb128 0x5
 1538 006e 49       		.uleb128 0x49
 1539 006f 13       		.uleb128 0x13
 1540 0070 3F       		.uleb128 0x3f
 1541 0071 19       		.uleb128 0x19
 1542 0072 02       		.uleb128 0x2
 1543 0073 18       		.uleb128 0x18
 1544 0074 00       		.byte	0
 1545 0075 00       		.byte	0
 1546 0076 00       		.byte	0
 1547              		.section	.debug_aranges,"",%progbits
 1548 0000 14000000 		.4byte	0x14
 1549 0004 0200     		.2byte	0x2
 1550 0006 00000000 		.4byte	.Ldebug_info0
 1551 000a 04       		.byte	0x4
 1552 000b 00       		.byte	0
 1553 000c 0000     		.2byte	0
 1554 000e 0000     		.2byte	0
 1555 0010 00000000 		.4byte	0
 1556 0014 00000000 		.4byte	0
 1557              		.section	.debug_line,"",%progbits
 1558              	.Ldebug_line0:
 1559 0000 3D010000 		.section	.debug_str,"MS",%progbits,1
 1559      02003701 
 1559      00000201 
 1559      FB0E0D00 
 1559      01010101 
 1560              	.LASF9:
 1561 0000 5F5F7569 		.ascii	"__uint8_t\000"
 1561      6E74385F 
 1561      7400
 1562              	.LASF16:
 1563 000a 63795F6D 		.ascii	"cy_metadata\000"
 1563      65746164 
 1563      61746100 
 1564              	.LASF19:
 1565 0016 433A5C55 		.ascii	"C:\\Users\\santa\\Documents\\PSoC Creator\\Laborato"
 1565      73657273 
 1565      5C73616E 
 1565      74615C44 
 1565      6F63756D 
 1566 0044 72696F5F 		.ascii	"rio_7_Vatimetro\\I2C 19 feb\\I2C 19 feb.cydsn\000"
 1566      375F5661 
 1566      74696D65 
 1566      74726F5C 
 1566      49324320 
 1567              	.LASF1:
 1568 0070 756E7369 		.ascii	"unsigned char\000"
 1568      676E6564 
 1568      20636861 
 1568      7200
 1569              	.LASF17:
 1570 007e 474E5520 		.ascii	"GNU C11 5.4.1 20160609 (release) [ARM/embedded-5-br"
 1570      43313120 
 1570      352E342E 
 1570      31203230 
ARM GAS  C:\Users\santa\AppData\Local\Temp\ccnmToW1.s 			page 29


 1570      31363036 
 1571 00b1 616E6368 		.ascii	"anch revision 237715] -mcpu=cortex-m3 -mthumb -g -O"
 1571      20726576 
 1571      6973696F 
 1571      6E203233 
 1571      37373135 
 1572 00e4 67202D66 		.ascii	"g -ffunction-sections -ffat-lto-objects\000"
 1572      66756E63 
 1572      74696F6E 
 1572      2D736563 
 1572      74696F6E 
 1573              	.LASF5:
 1574 010c 6C6F6E67 		.ascii	"long unsigned int\000"
 1574      20756E73 
 1574      69676E65 
 1574      6420696E 
 1574      7400
 1575              	.LASF3:
 1576 011e 73686F72 		.ascii	"short unsigned int\000"
 1576      7420756E 
 1576      7369676E 
 1576      65642069 
 1576      6E7400
 1577              	.LASF13:
 1578 0131 63795F6D 		.ascii	"cy_meta_custnvl\000"
 1578      6574615F 
 1578      63757374 
 1578      6E766C00 
 1579              	.LASF12:
 1580 0141 63795F6D 		.ascii	"cy_meta_configecc\000"
 1580      6574615F 
 1580      636F6E66 
 1580      69676563 
 1580      6300
 1581              	.LASF8:
 1582 0153 756E7369 		.ascii	"unsigned int\000"
 1582      676E6564 
 1582      20696E74 
 1582      00
 1583              	.LASF7:
 1584 0160 6C6F6E67 		.ascii	"long long unsigned int\000"
 1584      206C6F6E 
 1584      6720756E 
 1584      7369676E 
 1584      65642069 
 1585              	.LASF10:
 1586 0177 75696E74 		.ascii	"uint8_t\000"
 1586      385F7400 
 1587              	.LASF15:
 1588 017f 63795F6D 		.ascii	"cy_meta_flashprotect\000"
 1588      6574615F 
 1588      666C6173 
 1588      6870726F 
 1588      74656374 
 1589              	.LASF14:
 1590 0194 63795F6D 		.ascii	"cy_meta_wonvl\000"
 1590      6574615F 
ARM GAS  C:\Users\santa\AppData\Local\Temp\ccnmToW1.s 			page 30


 1590      776F6E76 
 1590      6C00
 1591              	.LASF11:
 1592 01a2 73697A65 		.ascii	"sizetype\000"
 1592      74797065 
 1592      00
 1593              	.LASF6:
 1594 01ab 6C6F6E67 		.ascii	"long long int\000"
 1594      206C6F6E 
 1594      6720696E 
 1594      7400
 1595              	.LASF2:
 1596 01b9 73686F72 		.ascii	"short int\000"
 1596      7420696E 
 1596      7400
 1597              	.LASF4:
 1598 01c3 6C6F6E67 		.ascii	"long int\000"
 1598      20696E74 
 1598      00
 1599              	.LASF0:
 1600 01cc 7369676E 		.ascii	"signed char\000"
 1600      65642063 
 1600      68617200 
 1601              	.LASF18:
 1602 01d8 47656E65 		.ascii	"Generated_Source\\PSoC5\\cymetadata.c\000"
 1602      72617465 
 1602      645F536F 
 1602      75726365 
 1602      5C50536F 
 1603              		.ident	"GCC: (GNU Tools for ARM Embedded Processors) 5.4.1 20160609 (release) [ARM/embedded-5-bran
