ARM GAS  C:\Users\JEANPI~1\AppData\Local\Temp\cc5znvOb.s 			page 1


   1              		.syntax unified
   2              		.cpu cortex-m3
   3              		.fpu softvfp
   4              		.eabi_attribute 20, 1
   5              		.eabi_attribute 21, 1
   6              		.eabi_attribute 23, 3
   7              		.eabi_attribute 24, 1
   8              		.eabi_attribute 25, 1
   9              		.eabi_attribute 26, 1
  10              		.eabi_attribute 30, 1
  11              		.eabi_attribute 34, 1
  12              		.eabi_attribute 18, 4
  13              		.thumb
  14              		.syntax unified
  15              		.file	"main.c"
  16              		.text
  17              	.Ltext0:
  18              		.cfi_sections	.debug_frame
  19              		.section	.text.Get_voltage_shunt,"ax",%progbits
  20              		.align	2
  21              		.global	Get_voltage_shunt
  22              		.thumb
  23              		.thumb_func
  24              		.type	Get_voltage_shunt, %function
  25              	Get_voltage_shunt:
  26              	.LFB63:
  27              		.file 1 "main.c"
   1:main.c        **** /* ========================================
   2:main.c        ****  *
   3:main.c        ****  * Copyright YOUR COMPANY, THE YEAR
   4:main.c        ****  * All Rights Reserved
   5:main.c        ****  * UNPUBLISHED, LICENSED SOFTWARE.
   6:main.c        ****  *
   7:main.c        ****  * CONFIDENTIAL AND PROPRIETARY INFORMATION
   8:main.c        ****  * WHICH IS THE PROPERTY OF your company.
   9:main.c        ****  *
  10:main.c        ****  * ========================================
  11:main.c        **** */
  12:main.c        **** #include "project.h"
  13:main.c        **** #define SlaveAddress 0x40      //Dirección esclavo; esclavo=Recibe la señal de sincronismo y ejec
  14:main.c        **** uint8 result,i,Tabla[4],valorpotencia;
  15:main.c        **** uint16 angulo;
  16:main.c        **** uint16 voltaje_shunt,voltaje_shunt2,vbus,vbus2,Datos2,Datos,corriente,potencia;
  17:main.c        **** int flag;
  18:main.c        **** float factor_lsb_Corriente;
  19:main.c        **** uint8 h=8,g=6;
  20:main.c        **** uint8 vs1,vs2;
  21:main.c        **** 
  22:main.c        **** const uint8 string2[4]="0123";
  23:main.c        **** 
  24:main.c        **** //SDA= Aquí viajan los datos como tal 
  25:main.c        **** //I2C es un protocolo síncrono. I2C usa solo 2 cables, 
  26:main.c        **** //uno para el reloj (SCL) y otro para el dato (SDA). 
  27:main.c        **** //Esto significa que el maestro y el esclavo envían datos por el mismo cable, 
  28:main.c        **** //el cual es controlado por el maestro, que crea la señal de reloj.
  29:main.c        **** //I2C no utiliza selección de esclavo, sino direccionamiento.
  30:main.c        **** 
ARM GAS  C:\Users\JEANPI~1\AppData\Local\Temp\cc5znvOb.s 			page 2


  31:main.c        **** //CY_ISR(Rx){
  32:main.c        **** //
  33:main.c        **** //    char Value_Init;
  34:main.c        **** //    Value_Init=UART_GetChar();
  35:main.c        **** //    if(Value_Init == 'a'){
  36:main.c        **** //      flag=1;
  37:main.c        **** //    
  38:main.c        **** //    }
  39:main.c        **** //     isr_Rx_ClearPending();
  40:main.c        **** //}
  41:main.c        **** 
  42:main.c        **** void Get_voltage_shunt(uint8 add_slave, uint8 add_regist){
  28              		.loc 1 42 0
  29              		.cfi_startproc
  30              		@ args = 0, pretend = 0, frame = 0
  31              		@ frame_needed = 0, uses_anonymous_args = 0
  32              	.LVL0:
  33 0000 38B5     		push	{r3, r4, r5, lr}
  34              		.cfi_def_cfa_offset 16
  35              		.cfi_offset 3, -16
  36              		.cfi_offset 4, -12
  37              		.cfi_offset 5, -8
  38              		.cfi_offset 14, -4
  39 0002 0546     		mov	r5, r0
  40 0004 0C46     		mov	r4, r1
  43:main.c        ****             I2C_MasterSendRestart(add_slave,I2C_WRITE_XFER_MODE);
  41              		.loc 1 43 0
  42 0006 0021     		movs	r1, #0
  43              	.LVL1:
  44 0008 FFF7FEFF 		bl	I2C_MasterSendRestart
  45              	.LVL2:
  44:main.c        ****             I2C_MasterWriteByte(add_regist);
  46              		.loc 1 44 0
  47 000c 2046     		mov	r0, r4
  48 000e FFF7FEFF 		bl	I2C_MasterWriteByte
  49              	.LVL3:
  45:main.c        ****             I2C_MasterSendRestart(add_slave,I2C_READ_XFER_MODE);
  50              		.loc 1 45 0
  51 0012 0121     		movs	r1, #1
  52 0014 2846     		mov	r0, r5
  53 0016 FFF7FEFF 		bl	I2C_MasterSendRestart
  54              	.LVL4:
  46:main.c        ****             voltaje_shunt=I2C_MasterReadByte(add_regist);     
  55              		.loc 1 46 0
  56 001a 2046     		mov	r0, r4
  57 001c FFF7FEFF 		bl	I2C_MasterReadByte
  58              	.LVL5:
  59 0020 064C     		ldr	r4, .L3
  60 0022 2080     		strh	r0, [r4]	@ movhi
  47:main.c        ****           
  48:main.c        ****             voltaje_shunt2=I2C_MasterReadByte(I2C_ACK_DATA);
  61              		.loc 1 48 0
  62 0024 0120     		movs	r0, #1
  63 0026 FFF7FEFF 		bl	I2C_MasterReadByte
  64              	.LVL6:
  65 002a 80B2     		uxth	r0, r0
  66 002c 044B     		ldr	r3, .L3+4
ARM GAS  C:\Users\JEANPI~1\AppData\Local\Temp\cc5znvOb.s 			page 3


  67 002e 1880     		strh	r0, [r3]	@ movhi
  49:main.c        ****             
  50:main.c        ****             voltaje_shunt=voltaje_shunt<<8;
  68              		.loc 1 50 0
  69 0030 2388     		ldrh	r3, [r4]
  70 0032 1B02     		lsls	r3, r3, #8
  71 0034 9BB2     		uxth	r3, r3
  51:main.c        ****             voltaje_shunt=voltaje_shunt2+voltaje_shunt;
  72              		.loc 1 51 0
  73 0036 1844     		add	r0, r0, r3
  74 0038 2080     		strh	r0, [r4]	@ movhi
  75 003a 38BD     		pop	{r3, r4, r5, pc}
  76              	.L4:
  77              		.align	2
  78              	.L3:
  79 003c 00000000 		.word	voltaje_shunt
  80 0040 00000000 		.word	voltaje_shunt2
  81              		.cfi_endproc
  82              	.LFE63:
  83              		.size	Get_voltage_shunt, .-Get_voltage_shunt
  84              		.section	.text.Get_voltage_bus,"ax",%progbits
  85              		.align	2
  86              		.global	Get_voltage_bus
  87              		.thumb
  88              		.thumb_func
  89              		.type	Get_voltage_bus, %function
  90              	Get_voltage_bus:
  91              	.LFB64:
  52:main.c        ****             
  53:main.c        ****             //voltaje_shunt=~(voltaje_shunt)+1;
  54:main.c        ****             
  55:main.c        ****             //I2C_MasterSendStop();    
  56:main.c        ****             //return voltaje_shunt;
  57:main.c        ****         }
  58:main.c        ****         
  59:main.c        **** void Get_voltage_bus(uint8 add_slave, uint8 add_regist){
  92              		.loc 1 59 0
  93              		.cfi_startproc
  94              		@ args = 0, pretend = 0, frame = 0
  95              		@ frame_needed = 0, uses_anonymous_args = 0
  96              	.LVL7:
  97 0000 38B5     		push	{r3, r4, r5, lr}
  98              		.cfi_def_cfa_offset 16
  99              		.cfi_offset 3, -16
 100              		.cfi_offset 4, -12
 101              		.cfi_offset 5, -8
 102              		.cfi_offset 14, -4
 103 0002 0546     		mov	r5, r0
 104 0004 0C46     		mov	r4, r1
  60:main.c        ****             I2C_MasterSendRestart(add_slave,I2C_WRITE_XFER_MODE);
 105              		.loc 1 60 0
 106 0006 0021     		movs	r1, #0
 107              	.LVL8:
 108 0008 FFF7FEFF 		bl	I2C_MasterSendRestart
 109              	.LVL9:
  61:main.c        ****             I2C_MasterWriteByte(add_regist);
 110              		.loc 1 61 0
ARM GAS  C:\Users\JEANPI~1\AppData\Local\Temp\cc5znvOb.s 			page 4


 111 000c 2046     		mov	r0, r4
 112 000e FFF7FEFF 		bl	I2C_MasterWriteByte
 113              	.LVL10:
  62:main.c        ****             I2C_MasterSendRestart(add_slave,I2C_READ_XFER_MODE);
 114              		.loc 1 62 0
 115 0012 0121     		movs	r1, #1
 116 0014 2846     		mov	r0, r5
 117 0016 FFF7FEFF 		bl	I2C_MasterSendRestart
 118              	.LVL11:
  63:main.c        ****             vbus=I2C_MasterReadByte(add_regist);
 119              		.loc 1 63 0
 120 001a 2046     		mov	r0, r4
 121 001c FFF7FEFF 		bl	I2C_MasterReadByte
 122              	.LVL12:
 123 0020 094C     		ldr	r4, .L7
 124 0022 2080     		strh	r0, [r4]	@ movhi
  64:main.c        ****             vs1=vbus;///////////////////////////////////////////
 125              		.loc 1 64 0
 126 0024 094B     		ldr	r3, .L7+4
 127 0026 1870     		strb	r0, [r3]
  65:main.c        **** //            UART_PutCRLF(vs1);
  66:main.c        ****             vbus2=I2C_MasterReadByte(I2C_ACK_DATA);
 128              		.loc 1 66 0
 129 0028 0120     		movs	r0, #1
 130 002a FFF7FEFF 		bl	I2C_MasterReadByte
 131              	.LVL13:
 132 002e 82B2     		uxth	r2, r0
 133 0030 074B     		ldr	r3, .L7+8
 134 0032 1A80     		strh	r2, [r3]	@ movhi
  67:main.c        ****             vs2=vbus2;//////////////////////////////////////////
 135              		.loc 1 67 0
 136 0034 074B     		ldr	r3, .L7+12
 137 0036 1870     		strb	r0, [r3]
  68:main.c        **** //            UART_PutCRLF(vs2);
  69:main.c        ****             vbus=vbus<<8;
 138              		.loc 1 69 0
 139 0038 2388     		ldrh	r3, [r4]
 140 003a 1B02     		lsls	r3, r3, #8
 141 003c 9BB2     		uxth	r3, r3
  70:main.c        ****             vbus=vbus2+vbus;  
 142              		.loc 1 70 0
 143 003e 1344     		add	r3, r3, r2
  71:main.c        ****             vbus=vbus>>3;
 144              		.loc 1 71 0
 145 0040 C3F3CC03 		ubfx	r3, r3, #3, #13
 146 0044 2380     		strh	r3, [r4]	@ movhi
 147 0046 38BD     		pop	{r3, r4, r5, pc}
 148              	.L8:
 149              		.align	2
 150              	.L7:
 151 0048 00000000 		.word	vbus
 152 004c 00000000 		.word	vs1
 153 0050 00000000 		.word	vbus2
 154 0054 00000000 		.word	vs2
 155              		.cfi_endproc
 156              	.LFE64:
 157              		.size	Get_voltage_bus, .-Get_voltage_bus
ARM GAS  C:\Users\JEANPI~1\AppData\Local\Temp\cc5znvOb.s 			page 5


 158              		.section	.text.Get_Corriente,"ax",%progbits
 159              		.align	2
 160              		.global	Get_Corriente
 161              		.thumb
 162              		.thumb_func
 163              		.type	Get_Corriente, %function
 164              	Get_Corriente:
 165              	.LFB65:
  72:main.c        ****             
  73:main.c        ****             //I2C_MasterSendStop();    
  74:main.c        ****             //return voltaje_shunt;
  75:main.c        ****         }
  76:main.c        ****         
  77:main.c        **** void Get_Corriente(){
 166              		.loc 1 77 0
 167              		.cfi_startproc
 168              		@ args = 0, pretend = 0, frame = 0
 169              		@ frame_needed = 0, uses_anonymous_args = 0
 170 0000 10B5     		push	{r4, lr}
 171              		.cfi_def_cfa_offset 8
 172              		.cfi_offset 4, -8
 173              		.cfi_offset 14, -4
  78:main.c        ****      factor_lsb_Corriente=(3/32768);
 174              		.loc 1 78 0
 175 0002 0022     		movs	r2, #0
 176 0004 154B     		ldr	r3, .L11
 177 0006 1A60     		str	r2, [r3]	@ float
  79:main.c        ****         I2C_MasterSendRestart(SlaveAddress, I2C_WRITE_XFER_MODE);
 178              		.loc 1 79 0
 179 0008 0021     		movs	r1, #0
 180 000a 4020     		movs	r0, #64
 181 000c FFF7FEFF 		bl	I2C_MasterSendRestart
 182              	.LVL14:
  80:main.c        ****         I2C_MasterWriteByte(0x05);
 183              		.loc 1 80 0
 184 0010 0520     		movs	r0, #5
 185 0012 FFF7FEFF 		bl	I2C_MasterWriteByte
 186              	.LVL15:
  81:main.c        ****         I2C_MasterWriteByte(0x11);
 187              		.loc 1 81 0
 188 0016 1120     		movs	r0, #17
 189 0018 FFF7FEFF 		bl	I2C_MasterWriteByte
 190              	.LVL16:
  82:main.c        ****         I2C_MasterWriteByte(0x7C);
 191              		.loc 1 82 0
 192 001c 7C20     		movs	r0, #124
 193 001e FFF7FEFF 		bl	I2C_MasterWriteByte
 194              	.LVL17:
  83:main.c        ****         
  84:main.c        ****       I2C_MasterSendRestart(SlaveAddress, I2C_WRITE_XFER_MODE);
 195              		.loc 1 84 0
 196 0022 0021     		movs	r1, #0
 197 0024 4020     		movs	r0, #64
 198 0026 FFF7FEFF 		bl	I2C_MasterSendRestart
 199              	.LVL18:
  85:main.c        ****       I2C_MasterWriteByte(0x03);  
 200              		.loc 1 85 0
ARM GAS  C:\Users\JEANPI~1\AppData\Local\Temp\cc5znvOb.s 			page 6


 201 002a 0320     		movs	r0, #3
 202 002c FFF7FEFF 		bl	I2C_MasterWriteByte
 203              	.LVL19:
  86:main.c        ****       I2C_MasterSendRestart(SlaveAddress,I2C_READ_XFER_MODE);
 204              		.loc 1 86 0
 205 0030 0121     		movs	r1, #1
 206 0032 4020     		movs	r0, #64
 207 0034 FFF7FEFF 		bl	I2C_MasterSendRestart
 208              	.LVL20:
  87:main.c        ****       Datos=I2C_MasterReadByte(0x03);
 209              		.loc 1 87 0
 210 0038 0320     		movs	r0, #3
 211 003a FFF7FEFF 		bl	I2C_MasterReadByte
 212              	.LVL21:
 213 003e 80B2     		uxth	r0, r0
 214 0040 074C     		ldr	r4, .L11+4
  88:main.c        ****       Datos<<=8;
 215              		.loc 1 88 0
 216 0042 0002     		lsls	r0, r0, #8
 217 0044 2080     		strh	r0, [r4]	@ movhi
  89:main.c        ****       Datos+=I2C_MasterReadByte(I2C_ACK_DATA);
 218              		.loc 1 89 0
 219 0046 0120     		movs	r0, #1
 220 0048 FFF7FEFF 		bl	I2C_MasterReadByte
 221              	.LVL22:
 222 004c 2388     		ldrh	r3, [r4]
 223 004e 1844     		add	r0, r0, r3
 224 0050 80B2     		uxth	r0, r0
 225 0052 2080     		strh	r0, [r4]	@ movhi
  90:main.c        ****       corriente=Datos<<1;
 226              		.loc 1 90 0
 227 0054 4000     		lsls	r0, r0, #1
 228 0056 034B     		ldr	r3, .L11+8
 229 0058 1880     		strh	r0, [r3]	@ movhi
 230 005a 10BD     		pop	{r4, pc}
 231              	.L12:
 232              		.align	2
 233              	.L11:
 234 005c 00000000 		.word	factor_lsb_Corriente
 235 0060 00000000 		.word	Datos
 236 0064 00000000 		.word	corriente
 237              		.cfi_endproc
 238              	.LFE65:
 239              		.size	Get_Corriente, .-Get_Corriente
 240              		.section	.text.Get_Potencia,"ax",%progbits
 241              		.align	2
 242              		.global	Get_Potencia
 243              		.thumb
 244              		.thumb_func
 245              		.type	Get_Potencia, %function
 246              	Get_Potencia:
 247              	.LFB66:
  91:main.c        ****      // i2c_MasterSendStop();
  92:main.c        **** 
  93:main.c        **** }
  94:main.c        **** 
  95:main.c        ****         
ARM GAS  C:\Users\JEANPI~1\AppData\Local\Temp\cc5znvOb.s 			page 7


  96:main.c        **** void Get_Potencia(){
 248              		.loc 1 96 0
 249              		.cfi_startproc
 250              		@ args = 0, pretend = 0, frame = 0
 251              		@ frame_needed = 0, uses_anonymous_args = 0
 252 0000 10B5     		push	{r4, lr}
 253              		.cfi_def_cfa_offset 8
 254              		.cfi_offset 4, -8
 255              		.cfi_offset 14, -4
  97:main.c        ****     // factor_lsb_Corriente=(3/32768);
  98:main.c        ****        // float factor_lsb_potencia=factor_lsb_Corriente*20;
  99:main.c        ****     
 100:main.c        ****         I2C_MasterSendRestart(SlaveAddress, I2C_WRITE_XFER_MODE);
 256              		.loc 1 100 0
 257 0002 0021     		movs	r1, #0
 258 0004 4020     		movs	r0, #64
 259 0006 FFF7FEFF 		bl	I2C_MasterSendRestart
 260              	.LVL23:
 101:main.c        ****         I2C_MasterWriteByte(0x05);
 261              		.loc 1 101 0
 262 000a 0520     		movs	r0, #5
 263 000c FFF7FEFF 		bl	I2C_MasterWriteByte
 264              	.LVL24:
 102:main.c        ****         I2C_MasterWriteByte(0x18);
 265              		.loc 1 102 0
 266 0010 1820     		movs	r0, #24
 267 0012 FFF7FEFF 		bl	I2C_MasterWriteByte
 268              	.LVL25:
 103:main.c        ****         I2C_MasterWriteByte(0xf7);
 269              		.loc 1 103 0
 270 0016 F720     		movs	r0, #247
 271 0018 FFF7FEFF 		bl	I2C_MasterWriteByte
 272              	.LVL26:
 104:main.c        ****         
 105:main.c        ****       I2C_MasterSendRestart(SlaveAddress, I2C_WRITE_XFER_MODE);
 273              		.loc 1 105 0
 274 001c 0021     		movs	r1, #0
 275 001e 4020     		movs	r0, #64
 276 0020 FFF7FEFF 		bl	I2C_MasterSendRestart
 277              	.LVL27:
 106:main.c        ****       I2C_MasterWriteByte(0x04);  
 278              		.loc 1 106 0
 279 0024 0420     		movs	r0, #4
 280 0026 FFF7FEFF 		bl	I2C_MasterWriteByte
 281              	.LVL28:
 107:main.c        ****       I2C_MasterSendRestart(SlaveAddress,I2C_READ_XFER_MODE);
 282              		.loc 1 107 0
 283 002a 0121     		movs	r1, #1
 284 002c 4020     		movs	r0, #64
 285 002e FFF7FEFF 		bl	I2C_MasterSendRestart
 286              	.LVL29:
 108:main.c        ****       Datos=I2C_MasterReadByte(0x04);
 287              		.loc 1 108 0
 288 0032 0420     		movs	r0, #4
 289 0034 FFF7FEFF 		bl	I2C_MasterReadByte
 290              	.LVL30:
 291 0038 80B2     		uxth	r0, r0
ARM GAS  C:\Users\JEANPI~1\AppData\Local\Temp\cc5znvOb.s 			page 8


 292 003a 064C     		ldr	r4, .L15
 109:main.c        ****       Datos<<=8;
 293              		.loc 1 109 0
 294 003c 0002     		lsls	r0, r0, #8
 295 003e 2080     		strh	r0, [r4]	@ movhi
 110:main.c        ****       Datos+=I2C_MasterReadByte(I2C_ACK_DATA);
 296              		.loc 1 110 0
 297 0040 0120     		movs	r0, #1
 298 0042 FFF7FEFF 		bl	I2C_MasterReadByte
 299              	.LVL31:
 300 0046 2388     		ldrh	r3, [r4]
 301 0048 1844     		add	r0, r0, r3
 302 004a 80B2     		uxth	r0, r0
 303 004c 2080     		strh	r0, [r4]	@ movhi
 111:main.c        ****       potencia=Datos;
 304              		.loc 1 111 0
 305 004e 024B     		ldr	r3, .L15+4
 306 0050 1880     		strh	r0, [r3]	@ movhi
 307 0052 10BD     		pop	{r4, pc}
 308              	.L16:
 309              		.align	2
 310              	.L15:
 311 0054 00000000 		.word	Datos
 312 0058 00000000 		.word	potencia
 313              		.cfi_endproc
 314              	.LFE66:
 315              		.size	Get_Potencia, .-Get_Potencia
 316              		.global	__aeabi_i2f
 317              		.global	__aeabi_fmul
 318              		.global	__aeabi_fdiv
 319              		.global	__aeabi_f2uiz
 320              		.section	.text.main,"ax",%progbits
 321              		.align	2
 322              		.global	main
 323              		.thumb
 324              		.thumb_func
 325              		.type	main, %function
 326              	main:
 327              	.LFB67:
 112:main.c        ****      // i2c_MasterSendStop();
 113:main.c        **** 
 114:main.c        **** }
 115:main.c        **** 
 116:main.c        **** int main(void)
 117:main.c        **** {
 328              		.loc 1 117 0
 329              		.cfi_startproc
 330              		@ args = 0, pretend = 0, frame = 0
 331              		@ frame_needed = 0, uses_anonymous_args = 0
 332 0000 70B5     		push	{r4, r5, r6, lr}
 333              		.cfi_def_cfa_offset 16
 334              		.cfi_offset 4, -16
 335              		.cfi_offset 5, -12
 336              		.cfi_offset 6, -8
 337              		.cfi_offset 14, -4
 118:main.c        ****     CyGlobalIntEnable; /* Enable global interrupts. */
 338              		.loc 1 118 0
ARM GAS  C:\Users\JEANPI~1\AppData\Local\Temp\cc5znvOb.s 			page 9


 339              		.syntax unified
 340              	@ 118 "main.c" 1
 341 0002 62B6     		CPSIE   i
 342              	@ 0 "" 2
 119:main.c        ****     //isr_Rx_StartEx(Rx);
 120:main.c        **** 
 121:main.c        ****     /* Place your initialization/startup code here (e.g. MyInst_Start()) */
 122:main.c        ****     LCD_Start();
 343              		.loc 1 122 0
 344              		.thumb
 345              		.syntax unified
 346 0004 FFF7FEFF 		bl	LCD_Start
 347              	.LVL32:
 123:main.c        ****     I2C_Start();
 348              		.loc 1 123 0
 349 0008 FFF7FEFF 		bl	I2C_Start
 350              	.LVL33:
 124:main.c        ****     UART_Start();
 351              		.loc 1 124 0
 352 000c FFF7FEFF 		bl	UART_Start
 353              	.LVL34:
 354              	.L18:
 355              	.LBB2:
 125:main.c        ****     
 126:main.c        ****     for(;;)
 127:main.c        ****     {
 128:main.c        ****         /* Place your application code here. */
 129:main.c        ****         
 130:main.c        ****         //LECTURA DE UN SOLO BYTE DEL SENSOR
 131:main.c        ****         
 132:main.c        ****         do
 133:main.c        ****         {
 134:main.c        ****        I2C_MasterSendStart(SlaveAddress,I2C_WRITE_XFER_MODE);
 356              		.loc 1 134 0 discriminator 1
 357 0010 0021     		movs	r1, #0
 358 0012 4020     		movs	r0, #64
 359 0014 FFF7FEFF 		bl	I2C_MasterSendStart
 360              	.LVL35:
 135:main.c        ****         
 136:main.c        ****         }
 137:main.c        ****         while(result!=I2C_MSTR_NO_ERROR);   
 361              		.loc 1 137 0 discriminator 1
 362 0018 3E4B     		ldr	r3, .L22
 363 001a 1B78     		ldrb	r3, [r3]	@ zero_extendqisi2
 364 001c 002B     		cmp	r3, #0
 365 001e F7D1     		bne	.L18
 138:main.c        ****             
 139:main.c        ****             Get_voltage_shunt(SlaveAddress,0x01);            
 366              		.loc 1 139 0
 367 0020 0121     		movs	r1, #1
 368 0022 4020     		movs	r0, #64
 369 0024 FFF7FEFF 		bl	Get_voltage_shunt
 370              	.LVL36:
 140:main.c        ****             Get_voltage_bus(SlaveAddress,0x02);
 371              		.loc 1 140 0
 372 0028 0221     		movs	r1, #2
 373 002a 4020     		movs	r0, #64
ARM GAS  C:\Users\JEANPI~1\AppData\Local\Temp\cc5znvOb.s 			page 10


 374 002c FFF7FEFF 		bl	Get_voltage_bus
 375              	.LVL37:
 141:main.c        ****          
 142:main.c        ****             //Get_Corriente();
 143:main.c        ****             //Get_Potencia();
 144:main.c        ****             I2C_MasterSendStop();
 376              		.loc 1 144 0
 377 0030 FFF7FEFF 		bl	I2C_MasterSendStop
 378              	.LVL38:
 145:main.c        ****             
 146:main.c        ****                 I2C_MasterSendRestart(SlaveAddress, I2C_WRITE_XFER_MODE);
 379              		.loc 1 146 0
 380 0034 0021     		movs	r1, #0
 381 0036 4020     		movs	r0, #64
 382 0038 FFF7FEFF 		bl	I2C_MasterSendRestart
 383              	.LVL39:
 147:main.c        ****             I2C_MasterWriteByte(0x00);
 384              		.loc 1 147 0
 385 003c 0020     		movs	r0, #0
 386 003e FFF7FEFF 		bl	I2C_MasterWriteByte
 387              	.LVL40:
 148:main.c        ****             I2C_MasterWriteByte(0xAB);
 388              		.loc 1 148 0
 389 0042 AB20     		movs	r0, #171
 390 0044 FFF7FEFF 		bl	I2C_MasterWriteByte
 391              	.LVL41:
 149:main.c        ****             I2C_MasterWriteByte(0x3F);
 392              		.loc 1 149 0
 393 0048 3F20     		movs	r0, #63
 394 004a FFF7FEFF 		bl	I2C_MasterWriteByte
 395              	.LVL42:
 150:main.c        ****                        
 151:main.c        ****             factor_lsb_Corriente=(3/32768);
 396              		.loc 1 151 0
 397 004e 0022     		movs	r2, #0
 398 0050 314B     		ldr	r3, .L22+4
 399 0052 1A60     		str	r2, [r3]	@ float
 152:main.c        ****             float cor=(voltaje_shunt*4473)/4096;
 400              		.loc 1 152 0
 401 0054 314B     		ldr	r3, .L22+8
 402 0056 1888     		ldrh	r0, [r3]
 403 0058 41F27913 		movw	r3, #4473
 404 005c 03FB00F0 		mul	r0, r3, r0
 405 0060 0028     		cmp	r0, #0
 406 0062 01DA     		bge	.L19
 407 0064 00F6FF70 		addw	r0, r0, #4095
 408              	.L19:
 409 0068 0013     		asrs	r0, r0, #12
 410 006a FFF7FEFF 		bl	__aeabi_i2f
 411              	.LVL43:
 412 006e 0646     		mov	r6, r0
 413              	.LVL44:
 153:main.c        ****             float factor_lsb_potencia=factor_lsb_Corriente*20;
 154:main.c        ****             float pot=(cor*vbus)/5000;
 414              		.loc 1 154 0
 415 0070 2B4D     		ldr	r5, .L22+12
 416 0072 2888     		ldrh	r0, [r5]
ARM GAS  C:\Users\JEANPI~1\AppData\Local\Temp\cc5znvOb.s 			page 11


 417              	.LVL45:
 418 0074 FFF7FEFF 		bl	__aeabi_i2f
 419              	.LVL46:
 420 0078 3146     		mov	r1, r6
 421 007a FFF7FEFF 		bl	__aeabi_fmul
 422              	.LVL47:
 423 007e 2949     		ldr	r1, .L22+16
 424 0080 FFF7FEFF 		bl	__aeabi_fdiv
 425              	.LVL48:
 426 0084 0446     		mov	r4, r0
 427              	.LVL49:
 155:main.c        ****             
 156:main.c        ****         LCD_Position(0,0);
 428              		.loc 1 156 0
 429 0086 0021     		movs	r1, #0
 430 0088 0846     		mov	r0, r1
 431              	.LVL50:
 432 008a FFF7FEFF 		bl	LCD_Position
 433              	.LVL51:
 157:main.c        ****         LCD_PrintString("Vs:");
 434              		.loc 1 157 0
 435 008e 2648     		ldr	r0, .L22+20
 436 0090 FFF7FEFF 		bl	LCD_PrintString
 437              	.LVL52:
 158:main.c        ****         LCD_Position(0,3);
 438              		.loc 1 158 0
 439 0094 0321     		movs	r1, #3
 440 0096 0020     		movs	r0, #0
 441 0098 FFF7FEFF 		bl	LCD_Position
 442              	.LVL53:
 159:main.c        ****         LCD_PrintHexUint16(voltaje_shunt);
 443              		.loc 1 159 0
 444 009c 1F4B     		ldr	r3, .L22+8
 445 009e 1888     		ldrh	r0, [r3]
 446 00a0 FFF7FEFF 		bl	LCD_PrintInt16
 447              	.LVL54:
 160:main.c        ****         
 161:main.c        ****         LCD_Position(0,9);
 448              		.loc 1 161 0
 449 00a4 0921     		movs	r1, #9
 450 00a6 0020     		movs	r0, #0
 451 00a8 FFF7FEFF 		bl	LCD_Position
 452              	.LVL55:
 162:main.c        ****         LCD_PrintString("I:");
 453              		.loc 1 162 0
 454 00ac 1F48     		ldr	r0, .L22+24
 455 00ae FFF7FEFF 		bl	LCD_PrintString
 456              	.LVL56:
 163:main.c        ****         LCD_Position(0,11);
 457              		.loc 1 163 0
 458 00b2 0B21     		movs	r1, #11
 459 00b4 0020     		movs	r0, #0
 460 00b6 FFF7FEFF 		bl	LCD_Position
 461              	.LVL57:
 164:main.c        ****         LCD_PrintHexUint16(cor);
 462              		.loc 1 164 0
 463 00ba 3046     		mov	r0, r6
ARM GAS  C:\Users\JEANPI~1\AppData\Local\Temp\cc5znvOb.s 			page 12


 464 00bc FFF7FEFF 		bl	__aeabi_f2uiz
 465              	.LVL58:
 466 00c0 80B2     		uxth	r0, r0
 467 00c2 FFF7FEFF 		bl	LCD_PrintInt16
 468              	.LVL59:
 165:main.c        ****         
 166:main.c        ****         
 167:main.c        ****         LCD_Position(1,0);
 469              		.loc 1 167 0
 470 00c6 0021     		movs	r1, #0
 471 00c8 0120     		movs	r0, #1
 472 00ca FFF7FEFF 		bl	LCD_Position
 473              	.LVL60:
 168:main.c        ****         LCD_PrintString("Vb:");
 474              		.loc 1 168 0
 475 00ce 1848     		ldr	r0, .L22+28
 476 00d0 FFF7FEFF 		bl	LCD_PrintString
 477              	.LVL61:
 169:main.c        ****         LCD_Position(1,3);
 478              		.loc 1 169 0
 479 00d4 0321     		movs	r1, #3
 480 00d6 0120     		movs	r0, #1
 481 00d8 FFF7FEFF 		bl	LCD_Position
 482              	.LVL62:
 170:main.c        ****         LCD_PrintHexUint16(vbus);
 483              		.loc 1 170 0
 484 00dc 2888     		ldrh	r0, [r5]
 485 00de FFF7FEFF 		bl	LCD_PrintInt16
 486              	.LVL63:
 171:main.c        ****         
 172:main.c        ****         LCD_Position(1,10);
 487              		.loc 1 172 0
 488 00e2 0A21     		movs	r1, #10
 489 00e4 0120     		movs	r0, #1
 490 00e6 FFF7FEFF 		bl	LCD_Position
 491              	.LVL64:
 173:main.c        ****         LCD_PrintString("P:");
 492              		.loc 1 173 0
 493 00ea 1248     		ldr	r0, .L22+32
 494 00ec FFF7FEFF 		bl	LCD_PrintString
 495              	.LVL65:
 174:main.c        ****         LCD_Position(1,12);
 496              		.loc 1 174 0
 497 00f0 0C21     		movs	r1, #12
 498 00f2 0120     		movs	r0, #1
 499 00f4 FFF7FEFF 		bl	LCD_Position
 500              	.LVL66:
 175:main.c        ****         LCD_PrintHexUint16(pot);      
 501              		.loc 1 175 0
 502 00f8 2046     		mov	r0, r4
 503 00fa FFF7FEFF 		bl	__aeabi_f2uiz
 504              	.LVL67:
 505 00fe 80B2     		uxth	r0, r0
 506 0100 FFF7FEFF 		bl	LCD_PrintInt16
 507              	.LVL68:
 176:main.c        ****         
 177:main.c        ****         UART_PutChar(pot);
ARM GAS  C:\Users\JEANPI~1\AppData\Local\Temp\cc5znvOb.s 			page 13


 508              		.loc 1 177 0
 509 0104 2046     		mov	r0, r4
 510 0106 FFF7FEFF 		bl	__aeabi_f2uiz
 511              	.LVL69:
 512 010a C0B2     		uxtb	r0, r0
 513 010c FFF7FEFF 		bl	UART_PutChar
 514              	.LVL70:
 515              	.LBE2:
 178:main.c        **** 
 179:main.c        ****     }
 516              		.loc 1 179 0
 517 0110 7EE7     		b	.L18
 518              	.L23:
 519 0112 00BF     		.align	2
 520              	.L22:
 521 0114 00000000 		.word	result
 522 0118 00000000 		.word	factor_lsb_Corriente
 523 011c 00000000 		.word	voltaje_shunt
 524 0120 00000000 		.word	vbus
 525 0124 00409C45 		.word	1167867904
 526 0128 00000000 		.word	.LC0
 527 012c 04000000 		.word	.LC1
 528 0130 08000000 		.word	.LC2
 529 0134 0C000000 		.word	.LC3
 530              		.cfi_endproc
 531              	.LFE67:
 532              		.size	main, .-main
 533              		.global	string2
 534              		.comm	vs2,1,1
 535              		.comm	vs1,1,1
 536              		.global	g
 537              		.global	h
 538              		.comm	factor_lsb_Corriente,4,4
 539              		.comm	flag,4,4
 540              		.comm	potencia,2,2
 541              		.comm	corriente,2,2
 542              		.comm	Datos,2,2
 543              		.comm	Datos2,2,2
 544              		.comm	vbus2,2,2
 545              		.comm	vbus,2,2
 546              		.comm	voltaje_shunt2,2,2
 547              		.comm	voltaje_shunt,2,2
 548              		.comm	angulo,2,2
 549              		.comm	valorpotencia,1,1
 550              		.comm	Tabla,4,4
 551              		.comm	i,1,1
 552              		.comm	result,1,1
 553              		.section	.rodata
 554              		.align	2
 555              		.type	string2, %object
 556              		.size	string2, 4
 557              	string2:
 558 0000 30313233 		.ascii	"0123"
 559              		.data
 560              		.type	g, %object
 561              		.size	g, 1
 562              	g:
ARM GAS  C:\Users\JEANPI~1\AppData\Local\Temp\cc5znvOb.s 			page 14


 563 0000 06       		.byte	6
 564              		.type	h, %object
 565              		.size	h, 1
 566              	h:
 567 0001 08       		.byte	8
 568              		.section	.rodata.str1.4,"aMS",%progbits,1
 569              		.align	2
 570              	.LC0:
 571 0000 56733A00 		.ascii	"Vs:\000"
 572              	.LC1:
 573 0004 493A00   		.ascii	"I:\000"
 574 0007 00       		.space	1
 575              	.LC2:
 576 0008 56623A00 		.ascii	"Vb:\000"
 577              	.LC3:
 578 000c 503A00   		.ascii	"P:\000"
 579              		.text
 580              	.Letext0:
 581              		.file 2 "c:\\program files (x86)\\cypress\\psoc creator\\4.2\\psoc creator\\import\\gnu\\arm\\5.4.
 582              		.file 3 "c:\\program files (x86)\\cypress\\psoc creator\\4.2\\psoc creator\\import\\gnu\\arm\\5.4.
 583              		.file 4 "Generated_Source\\PSoC5/cytypes.h"
 584              		.file 5 "Generated_Source\\PSoC5/core_cm3.h"
 585              		.file 6 "Generated_Source\\PSoC5/I2C.h"
 586              		.file 7 "Generated_Source\\PSoC5/LCD.h"
 587              		.file 8 "Generated_Source\\PSoC5/UART.h"
 588              		.section	.debug_info,"",%progbits
 589              	.Ldebug_info0:
 590 0000 02080000 		.4byte	0x802
 591 0004 0400     		.2byte	0x4
 592 0006 00000000 		.4byte	.Ldebug_abbrev0
 593 000a 04       		.byte	0x4
 594 000b 01       		.uleb128 0x1
 595 000c 98020000 		.4byte	.LASF53
 596 0010 0C       		.byte	0xc
 597 0011 32020000 		.4byte	.LASF54
 598 0015 B4010000 		.4byte	.LASF55
 599 0019 00000000 		.4byte	.Ldebug_ranges0+0
 600 001d 00000000 		.4byte	0
 601 0021 00000000 		.4byte	.Ldebug_line0
 602 0025 02       		.uleb128 0x2
 603 0026 01       		.byte	0x1
 604 0027 06       		.byte	0x6
 605 0028 46010000 		.4byte	.LASF0
 606 002c 02       		.uleb128 0x2
 607 002d 01       		.byte	0x1
 608 002e 08       		.byte	0x8
 609 002f 25010000 		.4byte	.LASF1
 610 0033 02       		.uleb128 0x2
 611 0034 02       		.byte	0x2
 612 0035 05       		.byte	0x5
 613 0036 1A000000 		.4byte	.LASF2
 614 003a 02       		.uleb128 0x2
 615 003b 02       		.byte	0x2
 616 003c 07       		.byte	0x7
 617 003d 13020000 		.4byte	.LASF3
 618 0041 03       		.uleb128 0x3
 619 0042 5A020000 		.4byte	.LASF9
ARM GAS  C:\Users\JEANPI~1\AppData\Local\Temp\cc5znvOb.s 			page 15


 620 0046 02       		.byte	0x2
 621 0047 3F       		.byte	0x3f
 622 0048 4C000000 		.4byte	0x4c
 623 004c 02       		.uleb128 0x2
 624 004d 04       		.byte	0x4
 625 004e 05       		.byte	0x5
 626 004f D7000000 		.4byte	.LASF4
 627 0053 02       		.uleb128 0x2
 628 0054 04       		.byte	0x4
 629 0055 07       		.byte	0x7
 630 0056 39020000 		.4byte	.LASF5
 631 005a 02       		.uleb128 0x2
 632 005b 08       		.byte	0x8
 633 005c 05       		.byte	0x5
 634 005d C9000000 		.4byte	.LASF6
 635 0061 02       		.uleb128 0x2
 636 0062 08       		.byte	0x8
 637 0063 07       		.byte	0x7
 638 0064 52010000 		.4byte	.LASF7
 639 0068 04       		.uleb128 0x4
 640 0069 04       		.byte	0x4
 641 006a 05       		.byte	0x5
 642 006b 696E7400 		.ascii	"int\000"
 643 006f 02       		.uleb128 0x2
 644 0070 04       		.byte	0x4
 645 0071 07       		.byte	0x7
 646 0072 69010000 		.4byte	.LASF8
 647 0076 03       		.uleb128 0x3
 648 0077 0B020000 		.4byte	.LASF10
 649 007b 03       		.byte	0x3
 650 007c 2C       		.byte	0x2c
 651 007d 41000000 		.4byte	0x41
 652 0081 05       		.uleb128 0x5
 653 0082 A1000000 		.4byte	.LASF11
 654 0086 04       		.byte	0x4
 655 0087 E401     		.2byte	0x1e4
 656 0089 2C000000 		.4byte	0x2c
 657 008d 05       		.uleb128 0x5
 658 008e 6D000000 		.4byte	.LASF12
 659 0092 04       		.byte	0x4
 660 0093 E501     		.2byte	0x1e5
 661 0095 3A000000 		.4byte	0x3a
 662 0099 02       		.uleb128 0x2
 663 009a 04       		.byte	0x4
 664 009b 04       		.byte	0x4
 665 009c C3000000 		.4byte	.LASF13
 666 00a0 02       		.uleb128 0x2
 667 00a1 08       		.byte	0x8
 668 00a2 04       		.byte	0x4
 669 00a3 4B020000 		.4byte	.LASF14
 670 00a7 02       		.uleb128 0x2
 671 00a8 01       		.byte	0x1
 672 00a9 08       		.byte	0x8
 673 00aa FB010000 		.4byte	.LASF15
 674 00ae 02       		.uleb128 0x2
 675 00af 08       		.byte	0x8
 676 00b0 04       		.byte	0x4
ARM GAS  C:\Users\JEANPI~1\AppData\Local\Temp\cc5znvOb.s 			page 16


 677 00b1 13010000 		.4byte	.LASF16
 678 00b5 02       		.uleb128 0x2
 679 00b6 04       		.byte	0x4
 680 00b7 07       		.byte	0x7
 681 00b8 29000000 		.4byte	.LASF17
 682 00bc 06       		.uleb128 0x6
 683 00bd 32000000 		.4byte	.LASF20
 684 00c1 01       		.byte	0x1
 685 00c2 2A       		.byte	0x2a
 686 00c3 00000000 		.4byte	.LFB63
 687 00c7 44000000 		.4byte	.LFE63-.LFB63
 688 00cb 01       		.uleb128 0x1
 689 00cc 9C       		.byte	0x9c
 690 00cd 59010000 		.4byte	0x159
 691 00d1 07       		.uleb128 0x7
 692 00d2 86010000 		.4byte	.LASF18
 693 00d6 01       		.byte	0x1
 694 00d7 2A       		.byte	0x2a
 695 00d8 81000000 		.4byte	0x81
 696 00dc 00000000 		.4byte	.LLST0
 697 00e0 07       		.uleb128 0x7
 698 00e1 82000000 		.4byte	.LASF19
 699 00e5 01       		.byte	0x1
 700 00e6 2A       		.byte	0x2a
 701 00e7 81000000 		.4byte	0x81
 702 00eb 21000000 		.4byte	.LLST1
 703 00ef 08       		.uleb128 0x8
 704 00f0 0C000000 		.4byte	.LVL2
 705 00f4 81070000 		.4byte	0x781
 706 00f8 08010000 		.4byte	0x108
 707 00fc 09       		.uleb128 0x9
 708 00fd 01       		.uleb128 0x1
 709 00fe 50       		.byte	0x50
 710 00ff 02       		.uleb128 0x2
 711 0100 75       		.byte	0x75
 712 0101 00       		.sleb128 0
 713 0102 09       		.uleb128 0x9
 714 0103 01       		.uleb128 0x1
 715 0104 51       		.byte	0x51
 716 0105 01       		.uleb128 0x1
 717 0106 30       		.byte	0x30
 718 0107 00       		.byte	0
 719 0108 08       		.uleb128 0x8
 720 0109 12000000 		.4byte	.LVL3
 721 010d 8C070000 		.4byte	0x78c
 722 0111 1C010000 		.4byte	0x11c
 723 0115 09       		.uleb128 0x9
 724 0116 01       		.uleb128 0x1
 725 0117 50       		.byte	0x50
 726 0118 02       		.uleb128 0x2
 727 0119 74       		.byte	0x74
 728 011a 00       		.sleb128 0
 729 011b 00       		.byte	0
 730 011c 08       		.uleb128 0x8
 731 011d 1A000000 		.4byte	.LVL4
 732 0121 81070000 		.4byte	0x781
 733 0125 35010000 		.4byte	0x135
ARM GAS  C:\Users\JEANPI~1\AppData\Local\Temp\cc5znvOb.s 			page 17


 734 0129 09       		.uleb128 0x9
 735 012a 01       		.uleb128 0x1
 736 012b 50       		.byte	0x50
 737 012c 02       		.uleb128 0x2
 738 012d 75       		.byte	0x75
 739 012e 00       		.sleb128 0
 740 012f 09       		.uleb128 0x9
 741 0130 01       		.uleb128 0x1
 742 0131 51       		.byte	0x51
 743 0132 01       		.uleb128 0x1
 744 0133 31       		.byte	0x31
 745 0134 00       		.byte	0
 746 0135 08       		.uleb128 0x8
 747 0136 20000000 		.4byte	.LVL5
 748 013a 97070000 		.4byte	0x797
 749 013e 49010000 		.4byte	0x149
 750 0142 09       		.uleb128 0x9
 751 0143 01       		.uleb128 0x1
 752 0144 50       		.byte	0x50
 753 0145 02       		.uleb128 0x2
 754 0146 74       		.byte	0x74
 755 0147 00       		.sleb128 0
 756 0148 00       		.byte	0
 757 0149 0A       		.uleb128 0xa
 758 014a 2A000000 		.4byte	.LVL6
 759 014e 97070000 		.4byte	0x797
 760 0152 09       		.uleb128 0x9
 761 0153 01       		.uleb128 0x1
 762 0154 50       		.byte	0x50
 763 0155 01       		.uleb128 0x1
 764 0156 31       		.byte	0x31
 765 0157 00       		.byte	0
 766 0158 00       		.byte	0
 767 0159 06       		.uleb128 0x6
 768 015a A4010000 		.4byte	.LASF21
 769 015e 01       		.byte	0x1
 770 015f 3B       		.byte	0x3b
 771 0160 00000000 		.4byte	.LFB64
 772 0164 58000000 		.4byte	.LFE64-.LFB64
 773 0168 01       		.uleb128 0x1
 774 0169 9C       		.byte	0x9c
 775 016a F6010000 		.4byte	0x1f6
 776 016e 07       		.uleb128 0x7
 777 016f 86010000 		.4byte	.LASF18
 778 0173 01       		.byte	0x1
 779 0174 3B       		.byte	0x3b
 780 0175 81000000 		.4byte	0x81
 781 0179 42000000 		.4byte	.LLST2
 782 017d 07       		.uleb128 0x7
 783 017e 82000000 		.4byte	.LASF19
 784 0182 01       		.byte	0x1
 785 0183 3B       		.byte	0x3b
 786 0184 81000000 		.4byte	0x81
 787 0188 63000000 		.4byte	.LLST3
 788 018c 08       		.uleb128 0x8
 789 018d 0C000000 		.4byte	.LVL9
 790 0191 81070000 		.4byte	0x781
ARM GAS  C:\Users\JEANPI~1\AppData\Local\Temp\cc5znvOb.s 			page 18


 791 0195 A5010000 		.4byte	0x1a5
 792 0199 09       		.uleb128 0x9
 793 019a 01       		.uleb128 0x1
 794 019b 50       		.byte	0x50
 795 019c 02       		.uleb128 0x2
 796 019d 75       		.byte	0x75
 797 019e 00       		.sleb128 0
 798 019f 09       		.uleb128 0x9
 799 01a0 01       		.uleb128 0x1
 800 01a1 51       		.byte	0x51
 801 01a2 01       		.uleb128 0x1
 802 01a3 30       		.byte	0x30
 803 01a4 00       		.byte	0
 804 01a5 08       		.uleb128 0x8
 805 01a6 12000000 		.4byte	.LVL10
 806 01aa 8C070000 		.4byte	0x78c
 807 01ae B9010000 		.4byte	0x1b9
 808 01b2 09       		.uleb128 0x9
 809 01b3 01       		.uleb128 0x1
 810 01b4 50       		.byte	0x50
 811 01b5 02       		.uleb128 0x2
 812 01b6 74       		.byte	0x74
 813 01b7 00       		.sleb128 0
 814 01b8 00       		.byte	0
 815 01b9 08       		.uleb128 0x8
 816 01ba 1A000000 		.4byte	.LVL11
 817 01be 81070000 		.4byte	0x781
 818 01c2 D2010000 		.4byte	0x1d2
 819 01c6 09       		.uleb128 0x9
 820 01c7 01       		.uleb128 0x1
 821 01c8 50       		.byte	0x50
 822 01c9 02       		.uleb128 0x2
 823 01ca 75       		.byte	0x75
 824 01cb 00       		.sleb128 0
 825 01cc 09       		.uleb128 0x9
 826 01cd 01       		.uleb128 0x1
 827 01ce 51       		.byte	0x51
 828 01cf 01       		.uleb128 0x1
 829 01d0 31       		.byte	0x31
 830 01d1 00       		.byte	0
 831 01d2 08       		.uleb128 0x8
 832 01d3 20000000 		.4byte	.LVL12
 833 01d7 97070000 		.4byte	0x797
 834 01db E6010000 		.4byte	0x1e6
 835 01df 09       		.uleb128 0x9
 836 01e0 01       		.uleb128 0x1
 837 01e1 50       		.byte	0x50
 838 01e2 02       		.uleb128 0x2
 839 01e3 74       		.byte	0x74
 840 01e4 00       		.sleb128 0
 841 01e5 00       		.byte	0
 842 01e6 0A       		.uleb128 0xa
 843 01e7 2E000000 		.4byte	.LVL13
 844 01eb 97070000 		.4byte	0x797
 845 01ef 09       		.uleb128 0x9
 846 01f0 01       		.uleb128 0x1
 847 01f1 50       		.byte	0x50
ARM GAS  C:\Users\JEANPI~1\AppData\Local\Temp\cc5znvOb.s 			page 19


 848 01f2 01       		.uleb128 0x1
 849 01f3 31       		.byte	0x31
 850 01f4 00       		.byte	0
 851 01f5 00       		.byte	0
 852 01f6 0B       		.uleb128 0xb
 853 01f7 74000000 		.4byte	.LASF22
 854 01fb 01       		.byte	0x1
 855 01fc 4D       		.byte	0x4d
 856 01fd 00000000 		.4byte	.LFB65
 857 0201 68000000 		.4byte	.LFE65-.LFB65
 858 0205 01       		.uleb128 0x1
 859 0206 9C       		.byte	0x9c
 860 0207 C6020000 		.4byte	0x2c6
 861 020b 08       		.uleb128 0x8
 862 020c 10000000 		.4byte	.LVL14
 863 0210 81070000 		.4byte	0x781
 864 0214 24020000 		.4byte	0x224
 865 0218 09       		.uleb128 0x9
 866 0219 01       		.uleb128 0x1
 867 021a 50       		.byte	0x50
 868 021b 02       		.uleb128 0x2
 869 021c 08       		.byte	0x8
 870 021d 40       		.byte	0x40
 871 021e 09       		.uleb128 0x9
 872 021f 01       		.uleb128 0x1
 873 0220 51       		.byte	0x51
 874 0221 01       		.uleb128 0x1
 875 0222 30       		.byte	0x30
 876 0223 00       		.byte	0
 877 0224 08       		.uleb128 0x8
 878 0225 16000000 		.4byte	.LVL15
 879 0229 8C070000 		.4byte	0x78c
 880 022d 37020000 		.4byte	0x237
 881 0231 09       		.uleb128 0x9
 882 0232 01       		.uleb128 0x1
 883 0233 50       		.byte	0x50
 884 0234 01       		.uleb128 0x1
 885 0235 35       		.byte	0x35
 886 0236 00       		.byte	0
 887 0237 08       		.uleb128 0x8
 888 0238 1C000000 		.4byte	.LVL16
 889 023c 8C070000 		.4byte	0x78c
 890 0240 4A020000 		.4byte	0x24a
 891 0244 09       		.uleb128 0x9
 892 0245 01       		.uleb128 0x1
 893 0246 50       		.byte	0x50
 894 0247 01       		.uleb128 0x1
 895 0248 41       		.byte	0x41
 896 0249 00       		.byte	0
 897 024a 08       		.uleb128 0x8
 898 024b 22000000 		.4byte	.LVL17
 899 024f 8C070000 		.4byte	0x78c
 900 0253 5E020000 		.4byte	0x25e
 901 0257 09       		.uleb128 0x9
 902 0258 01       		.uleb128 0x1
 903 0259 50       		.byte	0x50
 904 025a 02       		.uleb128 0x2
ARM GAS  C:\Users\JEANPI~1\AppData\Local\Temp\cc5znvOb.s 			page 20


 905 025b 08       		.byte	0x8
 906 025c 7C       		.byte	0x7c
 907 025d 00       		.byte	0
 908 025e 08       		.uleb128 0x8
 909 025f 2A000000 		.4byte	.LVL18
 910 0263 81070000 		.4byte	0x781
 911 0267 77020000 		.4byte	0x277
 912 026b 09       		.uleb128 0x9
 913 026c 01       		.uleb128 0x1
 914 026d 50       		.byte	0x50
 915 026e 02       		.uleb128 0x2
 916 026f 08       		.byte	0x8
 917 0270 40       		.byte	0x40
 918 0271 09       		.uleb128 0x9
 919 0272 01       		.uleb128 0x1
 920 0273 51       		.byte	0x51
 921 0274 01       		.uleb128 0x1
 922 0275 30       		.byte	0x30
 923 0276 00       		.byte	0
 924 0277 08       		.uleb128 0x8
 925 0278 30000000 		.4byte	.LVL19
 926 027c 8C070000 		.4byte	0x78c
 927 0280 8A020000 		.4byte	0x28a
 928 0284 09       		.uleb128 0x9
 929 0285 01       		.uleb128 0x1
 930 0286 50       		.byte	0x50
 931 0287 01       		.uleb128 0x1
 932 0288 33       		.byte	0x33
 933 0289 00       		.byte	0
 934 028a 08       		.uleb128 0x8
 935 028b 38000000 		.4byte	.LVL20
 936 028f 81070000 		.4byte	0x781
 937 0293 A3020000 		.4byte	0x2a3
 938 0297 09       		.uleb128 0x9
 939 0298 01       		.uleb128 0x1
 940 0299 50       		.byte	0x50
 941 029a 02       		.uleb128 0x2
 942 029b 08       		.byte	0x8
 943 029c 40       		.byte	0x40
 944 029d 09       		.uleb128 0x9
 945 029e 01       		.uleb128 0x1
 946 029f 51       		.byte	0x51
 947 02a0 01       		.uleb128 0x1
 948 02a1 31       		.byte	0x31
 949 02a2 00       		.byte	0
 950 02a3 08       		.uleb128 0x8
 951 02a4 3E000000 		.4byte	.LVL21
 952 02a8 97070000 		.4byte	0x797
 953 02ac B6020000 		.4byte	0x2b6
 954 02b0 09       		.uleb128 0x9
 955 02b1 01       		.uleb128 0x1
 956 02b2 50       		.byte	0x50
 957 02b3 01       		.uleb128 0x1
 958 02b4 33       		.byte	0x33
 959 02b5 00       		.byte	0
 960 02b6 0A       		.uleb128 0xa
 961 02b7 4C000000 		.4byte	.LVL22
ARM GAS  C:\Users\JEANPI~1\AppData\Local\Temp\cc5znvOb.s 			page 21


 962 02bb 97070000 		.4byte	0x797
 963 02bf 09       		.uleb128 0x9
 964 02c0 01       		.uleb128 0x1
 965 02c1 50       		.byte	0x50
 966 02c2 01       		.uleb128 0x1
 967 02c3 31       		.byte	0x31
 968 02c4 00       		.byte	0
 969 02c5 00       		.byte	0
 970 02c6 0B       		.uleb128 0xb
 971 02c7 B6000000 		.4byte	.LASF23
 972 02cb 01       		.byte	0x1
 973 02cc 60       		.byte	0x60
 974 02cd 00000000 		.4byte	.LFB66
 975 02d1 5C000000 		.4byte	.LFE66-.LFB66
 976 02d5 01       		.uleb128 0x1
 977 02d6 9C       		.byte	0x9c
 978 02d7 96030000 		.4byte	0x396
 979 02db 08       		.uleb128 0x8
 980 02dc 0A000000 		.4byte	.LVL23
 981 02e0 81070000 		.4byte	0x781
 982 02e4 F4020000 		.4byte	0x2f4
 983 02e8 09       		.uleb128 0x9
 984 02e9 01       		.uleb128 0x1
 985 02ea 50       		.byte	0x50
 986 02eb 02       		.uleb128 0x2
 987 02ec 08       		.byte	0x8
 988 02ed 40       		.byte	0x40
 989 02ee 09       		.uleb128 0x9
 990 02ef 01       		.uleb128 0x1
 991 02f0 51       		.byte	0x51
 992 02f1 01       		.uleb128 0x1
 993 02f2 30       		.byte	0x30
 994 02f3 00       		.byte	0
 995 02f4 08       		.uleb128 0x8
 996 02f5 10000000 		.4byte	.LVL24
 997 02f9 8C070000 		.4byte	0x78c
 998 02fd 07030000 		.4byte	0x307
 999 0301 09       		.uleb128 0x9
 1000 0302 01       		.uleb128 0x1
 1001 0303 50       		.byte	0x50
 1002 0304 01       		.uleb128 0x1
 1003 0305 35       		.byte	0x35
 1004 0306 00       		.byte	0
 1005 0307 08       		.uleb128 0x8
 1006 0308 16000000 		.4byte	.LVL25
 1007 030c 8C070000 		.4byte	0x78c
 1008 0310 1A030000 		.4byte	0x31a
 1009 0314 09       		.uleb128 0x9
 1010 0315 01       		.uleb128 0x1
 1011 0316 50       		.byte	0x50
 1012 0317 01       		.uleb128 0x1
 1013 0318 48       		.byte	0x48
 1014 0319 00       		.byte	0
 1015 031a 08       		.uleb128 0x8
 1016 031b 1C000000 		.4byte	.LVL26
 1017 031f 8C070000 		.4byte	0x78c
 1018 0323 2E030000 		.4byte	0x32e
ARM GAS  C:\Users\JEANPI~1\AppData\Local\Temp\cc5znvOb.s 			page 22


 1019 0327 09       		.uleb128 0x9
 1020 0328 01       		.uleb128 0x1
 1021 0329 50       		.byte	0x50
 1022 032a 02       		.uleb128 0x2
 1023 032b 09       		.byte	0x9
 1024 032c F7       		.byte	0xf7
 1025 032d 00       		.byte	0
 1026 032e 08       		.uleb128 0x8
 1027 032f 24000000 		.4byte	.LVL27
 1028 0333 81070000 		.4byte	0x781
 1029 0337 47030000 		.4byte	0x347
 1030 033b 09       		.uleb128 0x9
 1031 033c 01       		.uleb128 0x1
 1032 033d 50       		.byte	0x50
 1033 033e 02       		.uleb128 0x2
 1034 033f 08       		.byte	0x8
 1035 0340 40       		.byte	0x40
 1036 0341 09       		.uleb128 0x9
 1037 0342 01       		.uleb128 0x1
 1038 0343 51       		.byte	0x51
 1039 0344 01       		.uleb128 0x1
 1040 0345 30       		.byte	0x30
 1041 0346 00       		.byte	0
 1042 0347 08       		.uleb128 0x8
 1043 0348 2A000000 		.4byte	.LVL28
 1044 034c 8C070000 		.4byte	0x78c
 1045 0350 5A030000 		.4byte	0x35a
 1046 0354 09       		.uleb128 0x9
 1047 0355 01       		.uleb128 0x1
 1048 0356 50       		.byte	0x50
 1049 0357 01       		.uleb128 0x1
 1050 0358 34       		.byte	0x34
 1051 0359 00       		.byte	0
 1052 035a 08       		.uleb128 0x8
 1053 035b 32000000 		.4byte	.LVL29
 1054 035f 81070000 		.4byte	0x781
 1055 0363 73030000 		.4byte	0x373
 1056 0367 09       		.uleb128 0x9
 1057 0368 01       		.uleb128 0x1
 1058 0369 50       		.byte	0x50
 1059 036a 02       		.uleb128 0x2
 1060 036b 08       		.byte	0x8
 1061 036c 40       		.byte	0x40
 1062 036d 09       		.uleb128 0x9
 1063 036e 01       		.uleb128 0x1
 1064 036f 51       		.byte	0x51
 1065 0370 01       		.uleb128 0x1
 1066 0371 31       		.byte	0x31
 1067 0372 00       		.byte	0
 1068 0373 08       		.uleb128 0x8
 1069 0374 38000000 		.4byte	.LVL30
 1070 0378 97070000 		.4byte	0x797
 1071 037c 86030000 		.4byte	0x386
 1072 0380 09       		.uleb128 0x9
 1073 0381 01       		.uleb128 0x1
 1074 0382 50       		.byte	0x50
 1075 0383 01       		.uleb128 0x1
ARM GAS  C:\Users\JEANPI~1\AppData\Local\Temp\cc5znvOb.s 			page 23


 1076 0384 34       		.byte	0x34
 1077 0385 00       		.byte	0
 1078 0386 0A       		.uleb128 0xa
 1079 0387 46000000 		.4byte	.LVL31
 1080 038b 97070000 		.4byte	0x797
 1081 038f 09       		.uleb128 0x9
 1082 0390 01       		.uleb128 0x1
 1083 0391 50       		.byte	0x50
 1084 0392 01       		.uleb128 0x1
 1085 0393 31       		.byte	0x31
 1086 0394 00       		.byte	0
 1087 0395 00       		.byte	0
 1088 0396 0C       		.uleb128 0xc
 1089 0397 44000000 		.4byte	.LASF56
 1090 039b 01       		.byte	0x1
 1091 039c 74       		.byte	0x74
 1092 039d 68000000 		.4byte	0x68
 1093 03a1 00000000 		.4byte	.LFB67
 1094 03a5 38010000 		.4byte	.LFE67-.LFB67
 1095 03a9 01       		.uleb128 0x1
 1096 03aa 9C       		.byte	0x9c
 1097 03ab F8050000 		.4byte	0x5f8
 1098 03af 0D       		.uleb128 0xd
 1099 03b0 10000000 		.4byte	.LBB2
 1100 03b4 00010000 		.4byte	.LBE2-.LBB2
 1101 03b8 DC050000 		.4byte	0x5dc
 1102 03bc 0E       		.uleb128 0xe
 1103 03bd 636F7200 		.ascii	"cor\000"
 1104 03c1 01       		.byte	0x1
 1105 03c2 98       		.byte	0x98
 1106 03c3 99000000 		.4byte	0x99
 1107 03c7 84000000 		.4byte	.LLST4
 1108 03cb 0F       		.uleb128 0xf
 1109 03cc 8D000000 		.4byte	.LASF24
 1110 03d0 01       		.byte	0x1
 1111 03d1 99       		.byte	0x99
 1112 03d2 99000000 		.4byte	0x99
 1113 03d6 04       		.byte	0x4
 1114 03d7 00000000 		.4byte	0
 1115 03db 0E       		.uleb128 0xe
 1116 03dc 706F7400 		.ascii	"pot\000"
 1117 03e0 01       		.byte	0x1
 1118 03e1 9A       		.byte	0x9a
 1119 03e2 99000000 		.4byte	0x99
 1120 03e6 A2000000 		.4byte	.LLST5
 1121 03ea 08       		.uleb128 0x8
 1122 03eb 18000000 		.4byte	.LVL35
 1123 03ef A2070000 		.4byte	0x7a2
 1124 03f3 03040000 		.4byte	0x403
 1125 03f7 09       		.uleb128 0x9
 1126 03f8 01       		.uleb128 0x1
 1127 03f9 50       		.byte	0x50
 1128 03fa 02       		.uleb128 0x2
 1129 03fb 08       		.byte	0x8
 1130 03fc 40       		.byte	0x40
 1131 03fd 09       		.uleb128 0x9
 1132 03fe 01       		.uleb128 0x1
ARM GAS  C:\Users\JEANPI~1\AppData\Local\Temp\cc5znvOb.s 			page 24


 1133 03ff 51       		.byte	0x51
 1134 0400 01       		.uleb128 0x1
 1135 0401 30       		.byte	0x30
 1136 0402 00       		.byte	0
 1137 0403 08       		.uleb128 0x8
 1138 0404 28000000 		.4byte	.LVL36
 1139 0408 BC000000 		.4byte	0xbc
 1140 040c 1C040000 		.4byte	0x41c
 1141 0410 09       		.uleb128 0x9
 1142 0411 01       		.uleb128 0x1
 1143 0412 50       		.byte	0x50
 1144 0413 02       		.uleb128 0x2
 1145 0414 08       		.byte	0x8
 1146 0415 40       		.byte	0x40
 1147 0416 09       		.uleb128 0x9
 1148 0417 01       		.uleb128 0x1
 1149 0418 51       		.byte	0x51
 1150 0419 01       		.uleb128 0x1
 1151 041a 31       		.byte	0x31
 1152 041b 00       		.byte	0
 1153 041c 08       		.uleb128 0x8
 1154 041d 30000000 		.4byte	.LVL37
 1155 0421 59010000 		.4byte	0x159
 1156 0425 35040000 		.4byte	0x435
 1157 0429 09       		.uleb128 0x9
 1158 042a 01       		.uleb128 0x1
 1159 042b 50       		.byte	0x50
 1160 042c 02       		.uleb128 0x2
 1161 042d 08       		.byte	0x8
 1162 042e 40       		.byte	0x40
 1163 042f 09       		.uleb128 0x9
 1164 0430 01       		.uleb128 0x1
 1165 0431 51       		.byte	0x51
 1166 0432 01       		.uleb128 0x1
 1167 0433 32       		.byte	0x32
 1168 0434 00       		.byte	0
 1169 0435 10       		.uleb128 0x10
 1170 0436 34000000 		.4byte	.LVL38
 1171 043a AD070000 		.4byte	0x7ad
 1172 043e 08       		.uleb128 0x8
 1173 043f 3C000000 		.4byte	.LVL39
 1174 0443 81070000 		.4byte	0x781
 1175 0447 57040000 		.4byte	0x457
 1176 044b 09       		.uleb128 0x9
 1177 044c 01       		.uleb128 0x1
 1178 044d 50       		.byte	0x50
 1179 044e 02       		.uleb128 0x2
 1180 044f 08       		.byte	0x8
 1181 0450 40       		.byte	0x40
 1182 0451 09       		.uleb128 0x9
 1183 0452 01       		.uleb128 0x1
 1184 0453 51       		.byte	0x51
 1185 0454 01       		.uleb128 0x1
 1186 0455 30       		.byte	0x30
 1187 0456 00       		.byte	0
 1188 0457 08       		.uleb128 0x8
 1189 0458 42000000 		.4byte	.LVL40
ARM GAS  C:\Users\JEANPI~1\AppData\Local\Temp\cc5znvOb.s 			page 25


 1190 045c 8C070000 		.4byte	0x78c
 1191 0460 6A040000 		.4byte	0x46a
 1192 0464 09       		.uleb128 0x9
 1193 0465 01       		.uleb128 0x1
 1194 0466 50       		.byte	0x50
 1195 0467 01       		.uleb128 0x1
 1196 0468 30       		.byte	0x30
 1197 0469 00       		.byte	0
 1198 046a 08       		.uleb128 0x8
 1199 046b 48000000 		.4byte	.LVL41
 1200 046f 8C070000 		.4byte	0x78c
 1201 0473 7E040000 		.4byte	0x47e
 1202 0477 09       		.uleb128 0x9
 1203 0478 01       		.uleb128 0x1
 1204 0479 50       		.byte	0x50
 1205 047a 02       		.uleb128 0x2
 1206 047b 09       		.byte	0x9
 1207 047c AB       		.byte	0xab
 1208 047d 00       		.byte	0
 1209 047e 08       		.uleb128 0x8
 1210 047f 4E000000 		.4byte	.LVL42
 1211 0483 8C070000 		.4byte	0x78c
 1212 0487 92040000 		.4byte	0x492
 1213 048b 09       		.uleb128 0x9
 1214 048c 01       		.uleb128 0x1
 1215 048d 50       		.byte	0x50
 1216 048e 02       		.uleb128 0x2
 1217 048f 08       		.byte	0x8
 1218 0490 3F       		.byte	0x3f
 1219 0491 00       		.byte	0
 1220 0492 08       		.uleb128 0x8
 1221 0493 8E000000 		.4byte	.LVL51
 1222 0497 B8070000 		.4byte	0x7b8
 1223 049b AA040000 		.4byte	0x4aa
 1224 049f 09       		.uleb128 0x9
 1225 04a0 01       		.uleb128 0x1
 1226 04a1 50       		.byte	0x50
 1227 04a2 01       		.uleb128 0x1
 1228 04a3 30       		.byte	0x30
 1229 04a4 09       		.uleb128 0x9
 1230 04a5 01       		.uleb128 0x1
 1231 04a6 51       		.byte	0x51
 1232 04a7 01       		.uleb128 0x1
 1233 04a8 30       		.byte	0x30
 1234 04a9 00       		.byte	0
 1235 04aa 08       		.uleb128 0x8
 1236 04ab 94000000 		.4byte	.LVL52
 1237 04af C3070000 		.4byte	0x7c3
 1238 04b3 C1040000 		.4byte	0x4c1
 1239 04b7 09       		.uleb128 0x9
 1240 04b8 01       		.uleb128 0x1
 1241 04b9 50       		.byte	0x50
 1242 04ba 05       		.uleb128 0x5
 1243 04bb 03       		.byte	0x3
 1244 04bc 00000000 		.4byte	.LC0
 1245 04c0 00       		.byte	0
 1246 04c1 08       		.uleb128 0x8
ARM GAS  C:\Users\JEANPI~1\AppData\Local\Temp\cc5znvOb.s 			page 26


 1247 04c2 9C000000 		.4byte	.LVL53
 1248 04c6 B8070000 		.4byte	0x7b8
 1249 04ca D9040000 		.4byte	0x4d9
 1250 04ce 09       		.uleb128 0x9
 1251 04cf 01       		.uleb128 0x1
 1252 04d0 50       		.byte	0x50
 1253 04d1 01       		.uleb128 0x1
 1254 04d2 30       		.byte	0x30
 1255 04d3 09       		.uleb128 0x9
 1256 04d4 01       		.uleb128 0x1
 1257 04d5 51       		.byte	0x51
 1258 04d6 01       		.uleb128 0x1
 1259 04d7 33       		.byte	0x33
 1260 04d8 00       		.byte	0
 1261 04d9 10       		.uleb128 0x10
 1262 04da A4000000 		.4byte	.LVL54
 1263 04de CE070000 		.4byte	0x7ce
 1264 04e2 08       		.uleb128 0x8
 1265 04e3 AC000000 		.4byte	.LVL55
 1266 04e7 B8070000 		.4byte	0x7b8
 1267 04eb FA040000 		.4byte	0x4fa
 1268 04ef 09       		.uleb128 0x9
 1269 04f0 01       		.uleb128 0x1
 1270 04f1 50       		.byte	0x50
 1271 04f2 01       		.uleb128 0x1
 1272 04f3 30       		.byte	0x30
 1273 04f4 09       		.uleb128 0x9
 1274 04f5 01       		.uleb128 0x1
 1275 04f6 51       		.byte	0x51
 1276 04f7 01       		.uleb128 0x1
 1277 04f8 39       		.byte	0x39
 1278 04f9 00       		.byte	0
 1279 04fa 08       		.uleb128 0x8
 1280 04fb B2000000 		.4byte	.LVL56
 1281 04ff C3070000 		.4byte	0x7c3
 1282 0503 11050000 		.4byte	0x511
 1283 0507 09       		.uleb128 0x9
 1284 0508 01       		.uleb128 0x1
 1285 0509 50       		.byte	0x50
 1286 050a 05       		.uleb128 0x5
 1287 050b 03       		.byte	0x3
 1288 050c 04000000 		.4byte	.LC1
 1289 0510 00       		.byte	0
 1290 0511 08       		.uleb128 0x8
 1291 0512 BA000000 		.4byte	.LVL57
 1292 0516 B8070000 		.4byte	0x7b8
 1293 051a 29050000 		.4byte	0x529
 1294 051e 09       		.uleb128 0x9
 1295 051f 01       		.uleb128 0x1
 1296 0520 50       		.byte	0x50
 1297 0521 01       		.uleb128 0x1
 1298 0522 30       		.byte	0x30
 1299 0523 09       		.uleb128 0x9
 1300 0524 01       		.uleb128 0x1
 1301 0525 51       		.byte	0x51
 1302 0526 01       		.uleb128 0x1
 1303 0527 3B       		.byte	0x3b
ARM GAS  C:\Users\JEANPI~1\AppData\Local\Temp\cc5znvOb.s 			page 27


 1304 0528 00       		.byte	0
 1305 0529 10       		.uleb128 0x10
 1306 052a C6000000 		.4byte	.LVL59
 1307 052e CE070000 		.4byte	0x7ce
 1308 0532 08       		.uleb128 0x8
 1309 0533 CE000000 		.4byte	.LVL60
 1310 0537 B8070000 		.4byte	0x7b8
 1311 053b 4A050000 		.4byte	0x54a
 1312 053f 09       		.uleb128 0x9
 1313 0540 01       		.uleb128 0x1
 1314 0541 50       		.byte	0x50
 1315 0542 01       		.uleb128 0x1
 1316 0543 31       		.byte	0x31
 1317 0544 09       		.uleb128 0x9
 1318 0545 01       		.uleb128 0x1
 1319 0546 51       		.byte	0x51
 1320 0547 01       		.uleb128 0x1
 1321 0548 30       		.byte	0x30
 1322 0549 00       		.byte	0
 1323 054a 08       		.uleb128 0x8
 1324 054b D4000000 		.4byte	.LVL61
 1325 054f C3070000 		.4byte	0x7c3
 1326 0553 61050000 		.4byte	0x561
 1327 0557 09       		.uleb128 0x9
 1328 0558 01       		.uleb128 0x1
 1329 0559 50       		.byte	0x50
 1330 055a 05       		.uleb128 0x5
 1331 055b 03       		.byte	0x3
 1332 055c 08000000 		.4byte	.LC2
 1333 0560 00       		.byte	0
 1334 0561 08       		.uleb128 0x8
 1335 0562 DC000000 		.4byte	.LVL62
 1336 0566 B8070000 		.4byte	0x7b8
 1337 056a 79050000 		.4byte	0x579
 1338 056e 09       		.uleb128 0x9
 1339 056f 01       		.uleb128 0x1
 1340 0570 50       		.byte	0x50
 1341 0571 01       		.uleb128 0x1
 1342 0572 31       		.byte	0x31
 1343 0573 09       		.uleb128 0x9
 1344 0574 01       		.uleb128 0x1
 1345 0575 51       		.byte	0x51
 1346 0576 01       		.uleb128 0x1
 1347 0577 33       		.byte	0x33
 1348 0578 00       		.byte	0
 1349 0579 10       		.uleb128 0x10
 1350 057a E2000000 		.4byte	.LVL63
 1351 057e CE070000 		.4byte	0x7ce
 1352 0582 08       		.uleb128 0x8
 1353 0583 EA000000 		.4byte	.LVL64
 1354 0587 B8070000 		.4byte	0x7b8
 1355 058b 9A050000 		.4byte	0x59a
 1356 058f 09       		.uleb128 0x9
 1357 0590 01       		.uleb128 0x1
 1358 0591 50       		.byte	0x50
 1359 0592 01       		.uleb128 0x1
 1360 0593 31       		.byte	0x31
ARM GAS  C:\Users\JEANPI~1\AppData\Local\Temp\cc5znvOb.s 			page 28


 1361 0594 09       		.uleb128 0x9
 1362 0595 01       		.uleb128 0x1
 1363 0596 51       		.byte	0x51
 1364 0597 01       		.uleb128 0x1
 1365 0598 3A       		.byte	0x3a
 1366 0599 00       		.byte	0
 1367 059a 08       		.uleb128 0x8
 1368 059b F0000000 		.4byte	.LVL65
 1369 059f C3070000 		.4byte	0x7c3
 1370 05a3 B1050000 		.4byte	0x5b1
 1371 05a7 09       		.uleb128 0x9
 1372 05a8 01       		.uleb128 0x1
 1373 05a9 50       		.byte	0x50
 1374 05aa 05       		.uleb128 0x5
 1375 05ab 03       		.byte	0x3
 1376 05ac 0C000000 		.4byte	.LC3
 1377 05b0 00       		.byte	0
 1378 05b1 08       		.uleb128 0x8
 1379 05b2 F8000000 		.4byte	.LVL66
 1380 05b6 B8070000 		.4byte	0x7b8
 1381 05ba C9050000 		.4byte	0x5c9
 1382 05be 09       		.uleb128 0x9
 1383 05bf 01       		.uleb128 0x1
 1384 05c0 50       		.byte	0x50
 1385 05c1 01       		.uleb128 0x1
 1386 05c2 31       		.byte	0x31
 1387 05c3 09       		.uleb128 0x9
 1388 05c4 01       		.uleb128 0x1
 1389 05c5 51       		.byte	0x51
 1390 05c6 01       		.uleb128 0x1
 1391 05c7 3C       		.byte	0x3c
 1392 05c8 00       		.byte	0
 1393 05c9 10       		.uleb128 0x10
 1394 05ca 04010000 		.4byte	.LVL68
 1395 05ce CE070000 		.4byte	0x7ce
 1396 05d2 10       		.uleb128 0x10
 1397 05d3 10010000 		.4byte	.LVL70
 1398 05d7 D9070000 		.4byte	0x7d9
 1399 05db 00       		.byte	0
 1400 05dc 10       		.uleb128 0x10
 1401 05dd 08000000 		.4byte	.LVL32
 1402 05e1 E4070000 		.4byte	0x7e4
 1403 05e5 10       		.uleb128 0x10
 1404 05e6 0C000000 		.4byte	.LVL33
 1405 05ea EF070000 		.4byte	0x7ef
 1406 05ee 10       		.uleb128 0x10
 1407 05ef 10000000 		.4byte	.LVL34
 1408 05f3 FA070000 		.4byte	0x7fa
 1409 05f7 00       		.byte	0
 1410 05f8 11       		.uleb128 0x11
 1411 05f9 8B020000 		.4byte	.LASF25
 1412 05fd 05       		.byte	0x5
 1413 05fe 1207     		.2byte	0x712
 1414 0600 04060000 		.4byte	0x604
 1415 0604 12       		.uleb128 0x12
 1416 0605 76000000 		.4byte	0x76
 1417 0609 13       		.uleb128 0x13
ARM GAS  C:\Users\JEANPI~1\AppData\Local\Temp\cc5znvOb.s 			page 29


 1418 060a 00000000 		.4byte	.LASF26
 1419 060e 01       		.byte	0x1
 1420 060f 0E       		.byte	0xe
 1421 0610 81000000 		.4byte	0x81
 1422 0614 05       		.uleb128 0x5
 1423 0615 03       		.byte	0x3
 1424 0616 00000000 		.4byte	result
 1425 061a 14       		.uleb128 0x14
 1426 061b 6900     		.ascii	"i\000"
 1427 061d 01       		.byte	0x1
 1428 061e 0E       		.byte	0xe
 1429 061f 81000000 		.4byte	0x81
 1430 0623 05       		.uleb128 0x5
 1431 0624 03       		.byte	0x3
 1432 0625 00000000 		.4byte	i
 1433 0629 15       		.uleb128 0x15
 1434 062a 81000000 		.4byte	0x81
 1435 062e 39060000 		.4byte	0x639
 1436 0632 16       		.uleb128 0x16
 1437 0633 B5000000 		.4byte	0xb5
 1438 0637 03       		.byte	0x3
 1439 0638 00       		.byte	0
 1440 0639 13       		.uleb128 0x13
 1441 063a 1F010000 		.4byte	.LASF27
 1442 063e 01       		.byte	0x1
 1443 063f 0E       		.byte	0xe
 1444 0640 29060000 		.4byte	0x629
 1445 0644 05       		.uleb128 0x5
 1446 0645 03       		.byte	0x3
 1447 0646 00000000 		.4byte	Tabla
 1448 064a 13       		.uleb128 0x13
 1449 064b 7D020000 		.4byte	.LASF28
 1450 064f 01       		.byte	0x1
 1451 0650 0E       		.byte	0xe
 1452 0651 81000000 		.4byte	0x81
 1453 0655 05       		.uleb128 0x5
 1454 0656 03       		.byte	0x3
 1455 0657 00000000 		.4byte	valorpotencia
 1456 065b 13       		.uleb128 0x13
 1457 065c 71020000 		.4byte	.LASF29
 1458 0660 01       		.byte	0x1
 1459 0661 0F       		.byte	0xf
 1460 0662 8D000000 		.4byte	0x8d
 1461 0666 05       		.uleb128 0x5
 1462 0667 03       		.byte	0x3
 1463 0668 00000000 		.4byte	angulo
 1464 066c 13       		.uleb128 0x13
 1465 066d 5F000000 		.4byte	.LASF30
 1466 0671 01       		.byte	0x1
 1467 0672 10       		.byte	0x10
 1468 0673 8D000000 		.4byte	0x8d
 1469 0677 05       		.uleb128 0x5
 1470 0678 03       		.byte	0x3
 1471 0679 00000000 		.4byte	voltaje_shunt
 1472 067d 13       		.uleb128 0x13
 1473 067e 43030000 		.4byte	.LASF31
 1474 0682 01       		.byte	0x1
ARM GAS  C:\Users\JEANPI~1\AppData\Local\Temp\cc5znvOb.s 			page 30


 1475 0683 10       		.byte	0x10
 1476 0684 8D000000 		.4byte	0x8d
 1477 0688 05       		.uleb128 0x5
 1478 0689 03       		.byte	0x3
 1479 068a 00000000 		.4byte	voltaje_shunt2
 1480 068e 13       		.uleb128 0x13
 1481 068f 24000000 		.4byte	.LASF32
 1482 0693 01       		.byte	0x1
 1483 0694 10       		.byte	0x10
 1484 0695 8D000000 		.4byte	0x8d
 1485 0699 05       		.uleb128 0x5
 1486 069a 03       		.byte	0x3
 1487 069b 00000000 		.4byte	vbus
 1488 069f 13       		.uleb128 0x13
 1489 06a0 26020000 		.4byte	.LASF33
 1490 06a4 01       		.byte	0x1
 1491 06a5 10       		.byte	0x10
 1492 06a6 8D000000 		.4byte	0x8d
 1493 06aa 05       		.uleb128 0x5
 1494 06ab 03       		.byte	0x3
 1495 06ac 00000000 		.4byte	vbus2
 1496 06b0 13       		.uleb128 0x13
 1497 06b1 52030000 		.4byte	.LASF34
 1498 06b5 01       		.byte	0x1
 1499 06b6 10       		.byte	0x10
 1500 06b7 8D000000 		.4byte	0x8d
 1501 06bb 05       		.uleb128 0x5
 1502 06bc 03       		.byte	0x3
 1503 06bd 00000000 		.4byte	Datos2
 1504 06c1 13       		.uleb128 0x13
 1505 06c2 2C020000 		.4byte	.LASF35
 1506 06c6 01       		.byte	0x1
 1507 06c7 10       		.byte	0x10
 1508 06c8 8D000000 		.4byte	0x8d
 1509 06cc 05       		.uleb128 0x5
 1510 06cd 03       		.byte	0x3
 1511 06ce 00000000 		.4byte	Datos
 1512 06d2 13       		.uleb128 0x13
 1513 06d3 07000000 		.4byte	.LASF36
 1514 06d7 01       		.byte	0x1
 1515 06d8 10       		.byte	0x10
 1516 06d9 8D000000 		.4byte	0x8d
 1517 06dd 05       		.uleb128 0x5
 1518 06de 03       		.byte	0x3
 1519 06df 00000000 		.4byte	corriente
 1520 06e3 13       		.uleb128 0x13
 1521 06e4 11000000 		.4byte	.LASF37
 1522 06e8 01       		.byte	0x1
 1523 06e9 10       		.byte	0x10
 1524 06ea 8D000000 		.4byte	0x8d
 1525 06ee 05       		.uleb128 0x5
 1526 06ef 03       		.byte	0x3
 1527 06f0 00000000 		.4byte	potencia
 1528 06f4 13       		.uleb128 0x13
 1529 06f5 78020000 		.4byte	.LASF38
 1530 06f9 01       		.byte	0x1
 1531 06fa 11       		.byte	0x11
ARM GAS  C:\Users\JEANPI~1\AppData\Local\Temp\cc5znvOb.s 			page 31


 1532 06fb 68000000 		.4byte	0x68
 1533 06ff 05       		.uleb128 0x5
 1534 0700 03       		.byte	0x3
 1535 0701 00000000 		.4byte	flag
 1536 0705 13       		.uleb128 0x13
 1537 0706 E0000000 		.4byte	.LASF39
 1538 070a 01       		.byte	0x1
 1539 070b 12       		.byte	0x12
 1540 070c 99000000 		.4byte	0x99
 1541 0710 05       		.uleb128 0x5
 1542 0711 03       		.byte	0x3
 1543 0712 00000000 		.4byte	factor_lsb_Corriente
 1544 0716 14       		.uleb128 0x14
 1545 0717 6800     		.ascii	"h\000"
 1546 0719 01       		.byte	0x1
 1547 071a 13       		.byte	0x13
 1548 071b 81000000 		.4byte	0x81
 1549 071f 05       		.uleb128 0x5
 1550 0720 03       		.byte	0x3
 1551 0721 00000000 		.4byte	h
 1552 0725 14       		.uleb128 0x14
 1553 0726 6700     		.ascii	"g\000"
 1554 0728 01       		.byte	0x1
 1555 0729 13       		.byte	0x13
 1556 072a 81000000 		.4byte	0x81
 1557 072e 05       		.uleb128 0x5
 1558 072f 03       		.byte	0x3
 1559 0730 00000000 		.4byte	g
 1560 0734 14       		.uleb128 0x14
 1561 0735 76733100 		.ascii	"vs1\000"
 1562 0739 01       		.byte	0x1
 1563 073a 14       		.byte	0x14
 1564 073b 81000000 		.4byte	0x81
 1565 073f 05       		.uleb128 0x5
 1566 0740 03       		.byte	0x3
 1567 0741 00000000 		.4byte	vs1
 1568 0745 14       		.uleb128 0x14
 1569 0746 76733200 		.ascii	"vs2\000"
 1570 074a 01       		.byte	0x1
 1571 074b 14       		.byte	0x14
 1572 074c 81000000 		.4byte	0x81
 1573 0750 05       		.uleb128 0x5
 1574 0751 03       		.byte	0x3
 1575 0752 00000000 		.4byte	vs2
 1576 0756 15       		.uleb128 0x15
 1577 0757 66070000 		.4byte	0x766
 1578 075b 66070000 		.4byte	0x766
 1579 075f 16       		.uleb128 0x16
 1580 0760 B5000000 		.4byte	0xb5
 1581 0764 03       		.byte	0x3
 1582 0765 00       		.byte	0
 1583 0766 17       		.uleb128 0x17
 1584 0767 81000000 		.4byte	0x81
 1585 076b 13       		.uleb128 0x13
 1586 076c 52020000 		.4byte	.LASF40
 1587 0770 01       		.byte	0x1
 1588 0771 16       		.byte	0x16
ARM GAS  C:\Users\JEANPI~1\AppData\Local\Temp\cc5znvOb.s 			page 32


 1589 0772 7C070000 		.4byte	0x77c
 1590 0776 05       		.uleb128 0x5
 1591 0777 03       		.byte	0x3
 1592 0778 00000000 		.4byte	string2
 1593 077c 17       		.uleb128 0x17
 1594 077d 56070000 		.4byte	0x756
 1595 0781 18       		.uleb128 0x18
 1596 0782 49000000 		.4byte	.LASF41
 1597 0786 49000000 		.4byte	.LASF41
 1598 078a 06       		.byte	0x6
 1599 078b B3       		.byte	0xb3
 1600 078c 18       		.uleb128 0x18
 1601 078d F5000000 		.4byte	.LASF42
 1602 0791 F5000000 		.4byte	.LASF42
 1603 0795 06       		.byte	0x6
 1604 0796 B6       		.byte	0xb6
 1605 0797 18       		.uleb128 0x18
 1606 0798 33010000 		.4byte	.LASF43
 1607 079c 33010000 		.4byte	.LASF43
 1608 07a0 06       		.byte	0x6
 1609 07a1 B7       		.byte	0xb7
 1610 07a2 18       		.uleb128 0x18
 1611 07a3 90010000 		.4byte	.LASF44
 1612 07a7 90010000 		.4byte	.LASF44
 1613 07ab 06       		.byte	0x6
 1614 07ac B1       		.byte	0xb1
 1615 07ad 18       		.uleb128 0x18
 1616 07ae 30030000 		.4byte	.LASF45
 1617 07b2 30030000 		.4byte	.LASF45
 1618 07b6 06       		.byte	0x6
 1619 07b7 B5       		.byte	0xb5
 1620 07b8 18       		.uleb128 0x18
 1621 07b9 64020000 		.4byte	.LASF46
 1622 07bd 64020000 		.4byte	.LASF46
 1623 07c1 07       		.byte	0x7
 1624 07c2 3D       		.byte	0x3d
 1625 07c3 18       		.uleb128 0x18
 1626 07c4 76010000 		.4byte	.LASF47
 1627 07c8 76010000 		.4byte	.LASF47
 1628 07cc 07       		.byte	0x7
 1629 07cd 3C       		.byte	0x3c
 1630 07ce 18       		.uleb128 0x18
 1631 07cf A7000000 		.4byte	.LASF48
 1632 07d3 A7000000 		.4byte	.LASF48
 1633 07d7 07       		.byte	0x7
 1634 07d8 5E       		.byte	0x5e
 1635 07d9 18       		.uleb128 0x18
 1636 07da 59030000 		.4byte	.LASF49
 1637 07de 59030000 		.4byte	.LASF49
 1638 07e2 08       		.byte	0x8
 1639 07e3 8A       		.byte	0x8a
 1640 07e4 18       		.uleb128 0x18
 1641 07e5 09010000 		.4byte	.LASF50
 1642 07e9 09010000 		.4byte	.LASF50
 1643 07ed 07       		.byte	0x7
 1644 07ee 38       		.byte	0x38
 1645 07ef 18       		.uleb128 0x18
ARM GAS  C:\Users\JEANPI~1\AppData\Local\Temp\cc5znvOb.s 			page 33


 1646 07f0 26030000 		.4byte	.LASF51
 1647 07f4 26030000 		.4byte	.LASF51
 1648 07f8 06       		.byte	0x6
 1649 07f9 93       		.byte	0x93
 1650 07fa 18       		.uleb128 0x18
 1651 07fb 00020000 		.4byte	.LASF52
 1652 07ff 00020000 		.4byte	.LASF52
 1653 0803 08       		.byte	0x8
 1654 0804 54       		.byte	0x54
 1655 0805 00       		.byte	0
 1656              		.section	.debug_abbrev,"",%progbits
 1657              	.Ldebug_abbrev0:
 1658 0000 01       		.uleb128 0x1
 1659 0001 11       		.uleb128 0x11
 1660 0002 01       		.byte	0x1
 1661 0003 25       		.uleb128 0x25
 1662 0004 0E       		.uleb128 0xe
 1663 0005 13       		.uleb128 0x13
 1664 0006 0B       		.uleb128 0xb
 1665 0007 03       		.uleb128 0x3
 1666 0008 0E       		.uleb128 0xe
 1667 0009 1B       		.uleb128 0x1b
 1668 000a 0E       		.uleb128 0xe
 1669 000b 55       		.uleb128 0x55
 1670 000c 17       		.uleb128 0x17
 1671 000d 11       		.uleb128 0x11
 1672 000e 01       		.uleb128 0x1
 1673 000f 10       		.uleb128 0x10
 1674 0010 17       		.uleb128 0x17
 1675 0011 00       		.byte	0
 1676 0012 00       		.byte	0
 1677 0013 02       		.uleb128 0x2
 1678 0014 24       		.uleb128 0x24
 1679 0015 00       		.byte	0
 1680 0016 0B       		.uleb128 0xb
 1681 0017 0B       		.uleb128 0xb
 1682 0018 3E       		.uleb128 0x3e
 1683 0019 0B       		.uleb128 0xb
 1684 001a 03       		.uleb128 0x3
 1685 001b 0E       		.uleb128 0xe
 1686 001c 00       		.byte	0
 1687 001d 00       		.byte	0
 1688 001e 03       		.uleb128 0x3
 1689 001f 16       		.uleb128 0x16
 1690 0020 00       		.byte	0
 1691 0021 03       		.uleb128 0x3
 1692 0022 0E       		.uleb128 0xe
 1693 0023 3A       		.uleb128 0x3a
 1694 0024 0B       		.uleb128 0xb
 1695 0025 3B       		.uleb128 0x3b
 1696 0026 0B       		.uleb128 0xb
 1697 0027 49       		.uleb128 0x49
 1698 0028 13       		.uleb128 0x13
 1699 0029 00       		.byte	0
 1700 002a 00       		.byte	0
 1701 002b 04       		.uleb128 0x4
 1702 002c 24       		.uleb128 0x24
ARM GAS  C:\Users\JEANPI~1\AppData\Local\Temp\cc5znvOb.s 			page 34


 1703 002d 00       		.byte	0
 1704 002e 0B       		.uleb128 0xb
 1705 002f 0B       		.uleb128 0xb
 1706 0030 3E       		.uleb128 0x3e
 1707 0031 0B       		.uleb128 0xb
 1708 0032 03       		.uleb128 0x3
 1709 0033 08       		.uleb128 0x8
 1710 0034 00       		.byte	0
 1711 0035 00       		.byte	0
 1712 0036 05       		.uleb128 0x5
 1713 0037 16       		.uleb128 0x16
 1714 0038 00       		.byte	0
 1715 0039 03       		.uleb128 0x3
 1716 003a 0E       		.uleb128 0xe
 1717 003b 3A       		.uleb128 0x3a
 1718 003c 0B       		.uleb128 0xb
 1719 003d 3B       		.uleb128 0x3b
 1720 003e 05       		.uleb128 0x5
 1721 003f 49       		.uleb128 0x49
 1722 0040 13       		.uleb128 0x13
 1723 0041 00       		.byte	0
 1724 0042 00       		.byte	0
 1725 0043 06       		.uleb128 0x6
 1726 0044 2E       		.uleb128 0x2e
 1727 0045 01       		.byte	0x1
 1728 0046 3F       		.uleb128 0x3f
 1729 0047 19       		.uleb128 0x19
 1730 0048 03       		.uleb128 0x3
 1731 0049 0E       		.uleb128 0xe
 1732 004a 3A       		.uleb128 0x3a
 1733 004b 0B       		.uleb128 0xb
 1734 004c 3B       		.uleb128 0x3b
 1735 004d 0B       		.uleb128 0xb
 1736 004e 27       		.uleb128 0x27
 1737 004f 19       		.uleb128 0x19
 1738 0050 11       		.uleb128 0x11
 1739 0051 01       		.uleb128 0x1
 1740 0052 12       		.uleb128 0x12
 1741 0053 06       		.uleb128 0x6
 1742 0054 40       		.uleb128 0x40
 1743 0055 18       		.uleb128 0x18
 1744 0056 9742     		.uleb128 0x2117
 1745 0058 19       		.uleb128 0x19
 1746 0059 01       		.uleb128 0x1
 1747 005a 13       		.uleb128 0x13
 1748 005b 00       		.byte	0
 1749 005c 00       		.byte	0
 1750 005d 07       		.uleb128 0x7
 1751 005e 05       		.uleb128 0x5
 1752 005f 00       		.byte	0
 1753 0060 03       		.uleb128 0x3
 1754 0061 0E       		.uleb128 0xe
 1755 0062 3A       		.uleb128 0x3a
 1756 0063 0B       		.uleb128 0xb
 1757 0064 3B       		.uleb128 0x3b
 1758 0065 0B       		.uleb128 0xb
 1759 0066 49       		.uleb128 0x49
ARM GAS  C:\Users\JEANPI~1\AppData\Local\Temp\cc5znvOb.s 			page 35


 1760 0067 13       		.uleb128 0x13
 1761 0068 02       		.uleb128 0x2
 1762 0069 17       		.uleb128 0x17
 1763 006a 00       		.byte	0
 1764 006b 00       		.byte	0
 1765 006c 08       		.uleb128 0x8
 1766 006d 898201   		.uleb128 0x4109
 1767 0070 01       		.byte	0x1
 1768 0071 11       		.uleb128 0x11
 1769 0072 01       		.uleb128 0x1
 1770 0073 31       		.uleb128 0x31
 1771 0074 13       		.uleb128 0x13
 1772 0075 01       		.uleb128 0x1
 1773 0076 13       		.uleb128 0x13
 1774 0077 00       		.byte	0
 1775 0078 00       		.byte	0
 1776 0079 09       		.uleb128 0x9
 1777 007a 8A8201   		.uleb128 0x410a
 1778 007d 00       		.byte	0
 1779 007e 02       		.uleb128 0x2
 1780 007f 18       		.uleb128 0x18
 1781 0080 9142     		.uleb128 0x2111
 1782 0082 18       		.uleb128 0x18
 1783 0083 00       		.byte	0
 1784 0084 00       		.byte	0
 1785 0085 0A       		.uleb128 0xa
 1786 0086 898201   		.uleb128 0x4109
 1787 0089 01       		.byte	0x1
 1788 008a 11       		.uleb128 0x11
 1789 008b 01       		.uleb128 0x1
 1790 008c 31       		.uleb128 0x31
 1791 008d 13       		.uleb128 0x13
 1792 008e 00       		.byte	0
 1793 008f 00       		.byte	0
 1794 0090 0B       		.uleb128 0xb
 1795 0091 2E       		.uleb128 0x2e
 1796 0092 01       		.byte	0x1
 1797 0093 3F       		.uleb128 0x3f
 1798 0094 19       		.uleb128 0x19
 1799 0095 03       		.uleb128 0x3
 1800 0096 0E       		.uleb128 0xe
 1801 0097 3A       		.uleb128 0x3a
 1802 0098 0B       		.uleb128 0xb
 1803 0099 3B       		.uleb128 0x3b
 1804 009a 0B       		.uleb128 0xb
 1805 009b 11       		.uleb128 0x11
 1806 009c 01       		.uleb128 0x1
 1807 009d 12       		.uleb128 0x12
 1808 009e 06       		.uleb128 0x6
 1809 009f 40       		.uleb128 0x40
 1810 00a0 18       		.uleb128 0x18
 1811 00a1 9742     		.uleb128 0x2117
 1812 00a3 19       		.uleb128 0x19
 1813 00a4 01       		.uleb128 0x1
 1814 00a5 13       		.uleb128 0x13
 1815 00a6 00       		.byte	0
 1816 00a7 00       		.byte	0
ARM GAS  C:\Users\JEANPI~1\AppData\Local\Temp\cc5znvOb.s 			page 36


 1817 00a8 0C       		.uleb128 0xc
 1818 00a9 2E       		.uleb128 0x2e
 1819 00aa 01       		.byte	0x1
 1820 00ab 3F       		.uleb128 0x3f
 1821 00ac 19       		.uleb128 0x19
 1822 00ad 03       		.uleb128 0x3
 1823 00ae 0E       		.uleb128 0xe
 1824 00af 3A       		.uleb128 0x3a
 1825 00b0 0B       		.uleb128 0xb
 1826 00b1 3B       		.uleb128 0x3b
 1827 00b2 0B       		.uleb128 0xb
 1828 00b3 27       		.uleb128 0x27
 1829 00b4 19       		.uleb128 0x19
 1830 00b5 49       		.uleb128 0x49
 1831 00b6 13       		.uleb128 0x13
 1832 00b7 8701     		.uleb128 0x87
 1833 00b9 19       		.uleb128 0x19
 1834 00ba 11       		.uleb128 0x11
 1835 00bb 01       		.uleb128 0x1
 1836 00bc 12       		.uleb128 0x12
 1837 00bd 06       		.uleb128 0x6
 1838 00be 40       		.uleb128 0x40
 1839 00bf 18       		.uleb128 0x18
 1840 00c0 9642     		.uleb128 0x2116
 1841 00c2 19       		.uleb128 0x19
 1842 00c3 01       		.uleb128 0x1
 1843 00c4 13       		.uleb128 0x13
 1844 00c5 00       		.byte	0
 1845 00c6 00       		.byte	0
 1846 00c7 0D       		.uleb128 0xd
 1847 00c8 0B       		.uleb128 0xb
 1848 00c9 01       		.byte	0x1
 1849 00ca 11       		.uleb128 0x11
 1850 00cb 01       		.uleb128 0x1
 1851 00cc 12       		.uleb128 0x12
 1852 00cd 06       		.uleb128 0x6
 1853 00ce 01       		.uleb128 0x1
 1854 00cf 13       		.uleb128 0x13
 1855 00d0 00       		.byte	0
 1856 00d1 00       		.byte	0
 1857 00d2 0E       		.uleb128 0xe
 1858 00d3 34       		.uleb128 0x34
 1859 00d4 00       		.byte	0
 1860 00d5 03       		.uleb128 0x3
 1861 00d6 08       		.uleb128 0x8
 1862 00d7 3A       		.uleb128 0x3a
 1863 00d8 0B       		.uleb128 0xb
 1864 00d9 3B       		.uleb128 0x3b
 1865 00da 0B       		.uleb128 0xb
 1866 00db 49       		.uleb128 0x49
 1867 00dc 13       		.uleb128 0x13
 1868 00dd 02       		.uleb128 0x2
 1869 00de 17       		.uleb128 0x17
 1870 00df 00       		.byte	0
 1871 00e0 00       		.byte	0
 1872 00e1 0F       		.uleb128 0xf
 1873 00e2 34       		.uleb128 0x34
ARM GAS  C:\Users\JEANPI~1\AppData\Local\Temp\cc5znvOb.s 			page 37


 1874 00e3 00       		.byte	0
 1875 00e4 03       		.uleb128 0x3
 1876 00e5 0E       		.uleb128 0xe
 1877 00e6 3A       		.uleb128 0x3a
 1878 00e7 0B       		.uleb128 0xb
 1879 00e8 3B       		.uleb128 0x3b
 1880 00e9 0B       		.uleb128 0xb
 1881 00ea 49       		.uleb128 0x49
 1882 00eb 13       		.uleb128 0x13
 1883 00ec 1C       		.uleb128 0x1c
 1884 00ed 0A       		.uleb128 0xa
 1885 00ee 00       		.byte	0
 1886 00ef 00       		.byte	0
 1887 00f0 10       		.uleb128 0x10
 1888 00f1 898201   		.uleb128 0x4109
 1889 00f4 00       		.byte	0
 1890 00f5 11       		.uleb128 0x11
 1891 00f6 01       		.uleb128 0x1
 1892 00f7 31       		.uleb128 0x31
 1893 00f8 13       		.uleb128 0x13
 1894 00f9 00       		.byte	0
 1895 00fa 00       		.byte	0
 1896 00fb 11       		.uleb128 0x11
 1897 00fc 34       		.uleb128 0x34
 1898 00fd 00       		.byte	0
 1899 00fe 03       		.uleb128 0x3
 1900 00ff 0E       		.uleb128 0xe
 1901 0100 3A       		.uleb128 0x3a
 1902 0101 0B       		.uleb128 0xb
 1903 0102 3B       		.uleb128 0x3b
 1904 0103 05       		.uleb128 0x5
 1905 0104 49       		.uleb128 0x49
 1906 0105 13       		.uleb128 0x13
 1907 0106 3F       		.uleb128 0x3f
 1908 0107 19       		.uleb128 0x19
 1909 0108 3C       		.uleb128 0x3c
 1910 0109 19       		.uleb128 0x19
 1911 010a 00       		.byte	0
 1912 010b 00       		.byte	0
 1913 010c 12       		.uleb128 0x12
 1914 010d 35       		.uleb128 0x35
 1915 010e 00       		.byte	0
 1916 010f 49       		.uleb128 0x49
 1917 0110 13       		.uleb128 0x13
 1918 0111 00       		.byte	0
 1919 0112 00       		.byte	0
 1920 0113 13       		.uleb128 0x13
 1921 0114 34       		.uleb128 0x34
 1922 0115 00       		.byte	0
 1923 0116 03       		.uleb128 0x3
 1924 0117 0E       		.uleb128 0xe
 1925 0118 3A       		.uleb128 0x3a
 1926 0119 0B       		.uleb128 0xb
 1927 011a 3B       		.uleb128 0x3b
 1928 011b 0B       		.uleb128 0xb
 1929 011c 49       		.uleb128 0x49
 1930 011d 13       		.uleb128 0x13
ARM GAS  C:\Users\JEANPI~1\AppData\Local\Temp\cc5znvOb.s 			page 38


 1931 011e 3F       		.uleb128 0x3f
 1932 011f 19       		.uleb128 0x19
 1933 0120 02       		.uleb128 0x2
 1934 0121 18       		.uleb128 0x18
 1935 0122 00       		.byte	0
 1936 0123 00       		.byte	0
 1937 0124 14       		.uleb128 0x14
 1938 0125 34       		.uleb128 0x34
 1939 0126 00       		.byte	0
 1940 0127 03       		.uleb128 0x3
 1941 0128 08       		.uleb128 0x8
 1942 0129 3A       		.uleb128 0x3a
 1943 012a 0B       		.uleb128 0xb
 1944 012b 3B       		.uleb128 0x3b
 1945 012c 0B       		.uleb128 0xb
 1946 012d 49       		.uleb128 0x49
 1947 012e 13       		.uleb128 0x13
 1948 012f 3F       		.uleb128 0x3f
 1949 0130 19       		.uleb128 0x19
 1950 0131 02       		.uleb128 0x2
 1951 0132 18       		.uleb128 0x18
 1952 0133 00       		.byte	0
 1953 0134 00       		.byte	0
 1954 0135 15       		.uleb128 0x15
 1955 0136 01       		.uleb128 0x1
 1956 0137 01       		.byte	0x1
 1957 0138 49       		.uleb128 0x49
 1958 0139 13       		.uleb128 0x13
 1959 013a 01       		.uleb128 0x1
 1960 013b 13       		.uleb128 0x13
 1961 013c 00       		.byte	0
 1962 013d 00       		.byte	0
 1963 013e 16       		.uleb128 0x16
 1964 013f 21       		.uleb128 0x21
 1965 0140 00       		.byte	0
 1966 0141 49       		.uleb128 0x49
 1967 0142 13       		.uleb128 0x13
 1968 0143 2F       		.uleb128 0x2f
 1969 0144 0B       		.uleb128 0xb
 1970 0145 00       		.byte	0
 1971 0146 00       		.byte	0
 1972 0147 17       		.uleb128 0x17
 1973 0148 26       		.uleb128 0x26
 1974 0149 00       		.byte	0
 1975 014a 49       		.uleb128 0x49
 1976 014b 13       		.uleb128 0x13
 1977 014c 00       		.byte	0
 1978 014d 00       		.byte	0
 1979 014e 18       		.uleb128 0x18
 1980 014f 2E       		.uleb128 0x2e
 1981 0150 00       		.byte	0
 1982 0151 3F       		.uleb128 0x3f
 1983 0152 19       		.uleb128 0x19
 1984 0153 3C       		.uleb128 0x3c
 1985 0154 19       		.uleb128 0x19
 1986 0155 6E       		.uleb128 0x6e
 1987 0156 0E       		.uleb128 0xe
ARM GAS  C:\Users\JEANPI~1\AppData\Local\Temp\cc5znvOb.s 			page 39


 1988 0157 03       		.uleb128 0x3
 1989 0158 0E       		.uleb128 0xe
 1990 0159 3A       		.uleb128 0x3a
 1991 015a 0B       		.uleb128 0xb
 1992 015b 3B       		.uleb128 0x3b
 1993 015c 0B       		.uleb128 0xb
 1994 015d 00       		.byte	0
 1995 015e 00       		.byte	0
 1996 015f 00       		.byte	0
 1997              		.section	.debug_loc,"",%progbits
 1998              	.Ldebug_loc0:
 1999              	.LLST0:
 2000 0000 00000000 		.4byte	.LVL0
 2001 0004 0B000000 		.4byte	.LVL2-1
 2002 0008 0100     		.2byte	0x1
 2003 000a 50       		.byte	0x50
 2004 000b 0B000000 		.4byte	.LVL2-1
 2005 000f 44000000 		.4byte	.LFE63
 2006 0013 0400     		.2byte	0x4
 2007 0015 F3       		.byte	0xf3
 2008 0016 01       		.uleb128 0x1
 2009 0017 50       		.byte	0x50
 2010 0018 9F       		.byte	0x9f
 2011 0019 00000000 		.4byte	0
 2012 001d 00000000 		.4byte	0
 2013              	.LLST1:
 2014 0021 00000000 		.4byte	.LVL0
 2015 0025 08000000 		.4byte	.LVL1
 2016 0029 0100     		.2byte	0x1
 2017 002b 51       		.byte	0x51
 2018 002c 08000000 		.4byte	.LVL1
 2019 0030 44000000 		.4byte	.LFE63
 2020 0034 0400     		.2byte	0x4
 2021 0036 F3       		.byte	0xf3
 2022 0037 01       		.uleb128 0x1
 2023 0038 51       		.byte	0x51
 2024 0039 9F       		.byte	0x9f
 2025 003a 00000000 		.4byte	0
 2026 003e 00000000 		.4byte	0
 2027              	.LLST2:
 2028 0042 00000000 		.4byte	.LVL7
 2029 0046 0B000000 		.4byte	.LVL9-1
 2030 004a 0100     		.2byte	0x1
 2031 004c 50       		.byte	0x50
 2032 004d 0B000000 		.4byte	.LVL9-1
 2033 0051 58000000 		.4byte	.LFE64
 2034 0055 0400     		.2byte	0x4
 2035 0057 F3       		.byte	0xf3
 2036 0058 01       		.uleb128 0x1
 2037 0059 50       		.byte	0x50
 2038 005a 9F       		.byte	0x9f
 2039 005b 00000000 		.4byte	0
 2040 005f 00000000 		.4byte	0
 2041              	.LLST3:
 2042 0063 00000000 		.4byte	.LVL7
 2043 0067 08000000 		.4byte	.LVL8
 2044 006b 0100     		.2byte	0x1
ARM GAS  C:\Users\JEANPI~1\AppData\Local\Temp\cc5znvOb.s 			page 40


 2045 006d 51       		.byte	0x51
 2046 006e 08000000 		.4byte	.LVL8
 2047 0072 58000000 		.4byte	.LFE64
 2048 0076 0400     		.2byte	0x4
 2049 0078 F3       		.byte	0xf3
 2050 0079 01       		.uleb128 0x1
 2051 007a 51       		.byte	0x51
 2052 007b 9F       		.byte	0x9f
 2053 007c 00000000 		.4byte	0
 2054 0080 00000000 		.4byte	0
 2055              	.LLST4:
 2056 0084 70000000 		.4byte	.LVL44
 2057 0088 74000000 		.4byte	.LVL45
 2058 008c 0100     		.2byte	0x1
 2059 008e 50       		.byte	0x50
 2060 008f 74000000 		.4byte	.LVL45
 2061 0093 38010000 		.4byte	.LFE67
 2062 0097 0100     		.2byte	0x1
 2063 0099 56       		.byte	0x56
 2064 009a 00000000 		.4byte	0
 2065 009e 00000000 		.4byte	0
 2066              	.LLST5:
 2067 00a2 86000000 		.4byte	.LVL49
 2068 00a6 8A000000 		.4byte	.LVL50
 2069 00aa 0100     		.2byte	0x1
 2070 00ac 50       		.byte	0x50
 2071 00ad 8A000000 		.4byte	.LVL50
 2072 00b1 38010000 		.4byte	.LFE67
 2073 00b5 0100     		.2byte	0x1
 2074 00b7 54       		.byte	0x54
 2075 00b8 00000000 		.4byte	0
 2076 00bc 00000000 		.4byte	0
 2077              		.section	.debug_aranges,"",%progbits
 2078 0000 3C000000 		.4byte	0x3c
 2079 0004 0200     		.2byte	0x2
 2080 0006 00000000 		.4byte	.Ldebug_info0
 2081 000a 04       		.byte	0x4
 2082 000b 00       		.byte	0
 2083 000c 0000     		.2byte	0
 2084 000e 0000     		.2byte	0
 2085 0010 00000000 		.4byte	.LFB63
 2086 0014 44000000 		.4byte	.LFE63-.LFB63
 2087 0018 00000000 		.4byte	.LFB64
 2088 001c 58000000 		.4byte	.LFE64-.LFB64
 2089 0020 00000000 		.4byte	.LFB65
 2090 0024 68000000 		.4byte	.LFE65-.LFB65
 2091 0028 00000000 		.4byte	.LFB66
 2092 002c 5C000000 		.4byte	.LFE66-.LFB66
 2093 0030 00000000 		.4byte	.LFB67
 2094 0034 38010000 		.4byte	.LFE67-.LFB67
 2095 0038 00000000 		.4byte	0
 2096 003c 00000000 		.4byte	0
 2097              		.section	.debug_ranges,"",%progbits
 2098              	.Ldebug_ranges0:
 2099 0000 00000000 		.4byte	.LFB63
 2100 0004 44000000 		.4byte	.LFE63
 2101 0008 00000000 		.4byte	.LFB64
ARM GAS  C:\Users\JEANPI~1\AppData\Local\Temp\cc5znvOb.s 			page 41


 2102 000c 58000000 		.4byte	.LFE64
 2103 0010 00000000 		.4byte	.LFB65
 2104 0014 68000000 		.4byte	.LFE65
 2105 0018 00000000 		.4byte	.LFB66
 2106 001c 5C000000 		.4byte	.LFE66
 2107 0020 00000000 		.4byte	.LFB67
 2108 0024 38010000 		.4byte	.LFE67
 2109 0028 00000000 		.4byte	0
 2110 002c 00000000 		.4byte	0
 2111              		.section	.debug_line,"",%progbits
 2112              	.Ldebug_line0:
 2113 0000 10020000 		.section	.debug_str,"MS",%progbits,1
 2113      02006801 
 2113      00000201 
 2113      FB0E0D00 
 2113      01010101 
 2114              	.LASF26:
 2115 0000 72657375 		.ascii	"result\000"
 2115      6C7400
 2116              	.LASF36:
 2117 0007 636F7272 		.ascii	"corriente\000"
 2117      69656E74 
 2117      6500
 2118              	.LASF37:
 2119 0011 706F7465 		.ascii	"potencia\000"
 2119      6E636961 
 2119      00
 2120              	.LASF2:
 2121 001a 73686F72 		.ascii	"short int\000"
 2121      7420696E 
 2121      7400
 2122              	.LASF32:
 2123 0024 76627573 		.ascii	"vbus\000"
 2123      00
 2124              	.LASF17:
 2125 0029 73697A65 		.ascii	"sizetype\000"
 2125      74797065 
 2125      00
 2126              	.LASF20:
 2127 0032 4765745F 		.ascii	"Get_voltage_shunt\000"
 2127      766F6C74 
 2127      6167655F 
 2127      7368756E 
 2127      7400
 2128              	.LASF56:
 2129 0044 6D61696E 		.ascii	"main\000"
 2129      00
 2130              	.LASF41:
 2131 0049 4932435F 		.ascii	"I2C_MasterSendRestart\000"
 2131      4D617374 
 2131      65725365 
 2131      6E645265 
 2131      73746172 
 2132              	.LASF30:
 2133 005f 766F6C74 		.ascii	"voltaje_shunt\000"
 2133      616A655F 
 2133      7368756E 
ARM GAS  C:\Users\JEANPI~1\AppData\Local\Temp\cc5znvOb.s 			page 42


 2133      7400
 2134              	.LASF12:
 2135 006d 75696E74 		.ascii	"uint16\000"
 2135      313600
 2136              	.LASF22:
 2137 0074 4765745F 		.ascii	"Get_Corriente\000"
 2137      436F7272 
 2137      69656E74 
 2137      6500
 2138              	.LASF19:
 2139 0082 6164645F 		.ascii	"add_regist\000"
 2139      72656769 
 2139      737400
 2140              	.LASF24:
 2141 008d 66616374 		.ascii	"factor_lsb_potencia\000"
 2141      6F725F6C 
 2141      73625F70 
 2141      6F74656E 
 2141      63696100 
 2142              	.LASF11:
 2143 00a1 75696E74 		.ascii	"uint8\000"
 2143      3800
 2144              	.LASF48:
 2145 00a7 4C43445F 		.ascii	"LCD_PrintInt16\000"
 2145      5072696E 
 2145      74496E74 
 2145      313600
 2146              	.LASF23:
 2147 00b6 4765745F 		.ascii	"Get_Potencia\000"
 2147      506F7465 
 2147      6E636961 
 2147      00
 2148              	.LASF13:
 2149 00c3 666C6F61 		.ascii	"float\000"
 2149      7400
 2150              	.LASF6:
 2151 00c9 6C6F6E67 		.ascii	"long long int\000"
 2151      206C6F6E 
 2151      6720696E 
 2151      7400
 2152              	.LASF4:
 2153 00d7 6C6F6E67 		.ascii	"long int\000"
 2153      20696E74 
 2153      00
 2154              	.LASF39:
 2155 00e0 66616374 		.ascii	"factor_lsb_Corriente\000"
 2155      6F725F6C 
 2155      73625F43 
 2155      6F727269 
 2155      656E7465 
 2156              	.LASF42:
 2157 00f5 4932435F 		.ascii	"I2C_MasterWriteByte\000"
 2157      4D617374 
 2157      65725772 
 2157      69746542 
 2157      79746500 
 2158              	.LASF50:
ARM GAS  C:\Users\JEANPI~1\AppData\Local\Temp\cc5znvOb.s 			page 43


 2159 0109 4C43445F 		.ascii	"LCD_Start\000"
 2159      53746172 
 2159      7400
 2160              	.LASF16:
 2161 0113 6C6F6E67 		.ascii	"long double\000"
 2161      20646F75 
 2161      626C6500 
 2162              	.LASF27:
 2163 011f 5461626C 		.ascii	"Tabla\000"
 2163      6100
 2164              	.LASF1:
 2165 0125 756E7369 		.ascii	"unsigned char\000"
 2165      676E6564 
 2165      20636861 
 2165      7200
 2166              	.LASF43:
 2167 0133 4932435F 		.ascii	"I2C_MasterReadByte\000"
 2167      4D617374 
 2167      65725265 
 2167      61644279 
 2167      746500
 2168              	.LASF0:
 2169 0146 7369676E 		.ascii	"signed char\000"
 2169      65642063 
 2169      68617200 
 2170              	.LASF7:
 2171 0152 6C6F6E67 		.ascii	"long long unsigned int\000"
 2171      206C6F6E 
 2171      6720756E 
 2171      7369676E 
 2171      65642069 
 2172              	.LASF8:
 2173 0169 756E7369 		.ascii	"unsigned int\000"
 2173      676E6564 
 2173      20696E74 
 2173      00
 2174              	.LASF47:
 2175 0176 4C43445F 		.ascii	"LCD_PrintString\000"
 2175      5072696E 
 2175      74537472 
 2175      696E6700 
 2176              	.LASF18:
 2177 0186 6164645F 		.ascii	"add_slave\000"
 2177      736C6176 
 2177      6500
 2178              	.LASF44:
 2179 0190 4932435F 		.ascii	"I2C_MasterSendStart\000"
 2179      4D617374 
 2179      65725365 
 2179      6E645374 
 2179      61727400 
 2180              	.LASF21:
 2181 01a4 4765745F 		.ascii	"Get_voltage_bus\000"
 2181      766F6C74 
 2181      6167655F 
 2181      62757300 
 2182              	.LASF55:
ARM GAS  C:\Users\JEANPI~1\AppData\Local\Temp\cc5znvOb.s 			page 44


 2183 01b4 433A5C55 		.ascii	"C:\\Users\\jeanpierre\\Documents\\PSoC Creator\\I2C"
 2183      73657273 
 2183      5C6A6561 
 2183      6E706965 
 2183      7272655C 
 2184 01e2 20313920 		.ascii	" 19 feb\\I2C 19 feb.cydsn\000"
 2184      6665625C 
 2184      49324320 
 2184      31392066 
 2184      65622E63 
 2185              	.LASF15:
 2186 01fb 63686172 		.ascii	"char\000"
 2186      00
 2187              	.LASF52:
 2188 0200 55415254 		.ascii	"UART_Start\000"
 2188      5F537461 
 2188      727400
 2189              	.LASF10:
 2190 020b 696E7433 		.ascii	"int32_t\000"
 2190      325F7400 
 2191              	.LASF3:
 2192 0213 73686F72 		.ascii	"short unsigned int\000"
 2192      7420756E 
 2192      7369676E 
 2192      65642069 
 2192      6E7400
 2193              	.LASF33:
 2194 0226 76627573 		.ascii	"vbus2\000"
 2194      3200
 2195              	.LASF35:
 2196 022c 4461746F 		.ascii	"Datos\000"
 2196      7300
 2197              	.LASF54:
 2198 0232 6D61696E 		.ascii	"main.c\000"
 2198      2E6300
 2199              	.LASF5:
 2200 0239 6C6F6E67 		.ascii	"long unsigned int\000"
 2200      20756E73 
 2200      69676E65 
 2200      6420696E 
 2200      7400
 2201              	.LASF14:
 2202 024b 646F7562 		.ascii	"double\000"
 2202      6C6500
 2203              	.LASF40:
 2204 0252 73747269 		.ascii	"string2\000"
 2204      6E673200 
 2205              	.LASF9:
 2206 025a 5F5F696E 		.ascii	"__int32_t\000"
 2206      7433325F 
 2206      7400
 2207              	.LASF46:
 2208 0264 4C43445F 		.ascii	"LCD_Position\000"
 2208      506F7369 
 2208      74696F6E 
 2208      00
 2209              	.LASF29:
ARM GAS  C:\Users\JEANPI~1\AppData\Local\Temp\cc5znvOb.s 			page 45


 2210 0271 616E6775 		.ascii	"angulo\000"
 2210      6C6F00
 2211              	.LASF38:
 2212 0278 666C6167 		.ascii	"flag\000"
 2212      00
 2213              	.LASF28:
 2214 027d 76616C6F 		.ascii	"valorpotencia\000"
 2214      72706F74 
 2214      656E6369 
 2214      6100
 2215              	.LASF25:
 2216 028b 49544D5F 		.ascii	"ITM_RxBuffer\000"
 2216      52784275 
 2216      66666572 
 2216      00
 2217              	.LASF53:
 2218 0298 474E5520 		.ascii	"GNU C11 5.4.1 20160609 (release) [ARM/embedded-5-br"
 2218      43313120 
 2218      352E342E 
 2218      31203230 
 2218      31363036 
 2219 02cb 616E6368 		.ascii	"anch revision 237715] -mcpu=cortex-m3 -mthumb -g -O"
 2219      20726576 
 2219      6973696F 
 2219      6E203233 
 2219      37373135 
 2220 02fe 67202D66 		.ascii	"g -ffunction-sections -ffat-lto-objects\000"
 2220      66756E63 
 2220      74696F6E 
 2220      2D736563 
 2220      74696F6E 
 2221              	.LASF51:
 2222 0326 4932435F 		.ascii	"I2C_Start\000"
 2222      53746172 
 2222      7400
 2223              	.LASF45:
 2224 0330 4932435F 		.ascii	"I2C_MasterSendStop\000"
 2224      4D617374 
 2224      65725365 
 2224      6E645374 
 2224      6F7000
 2225              	.LASF31:
 2226 0343 766F6C74 		.ascii	"voltaje_shunt2\000"
 2226      616A655F 
 2226      7368756E 
 2226      743200
 2227              	.LASF34:
 2228 0352 4461746F 		.ascii	"Datos2\000"
 2228      733200
 2229              	.LASF49:
 2230 0359 55415254 		.ascii	"UART_PutChar\000"
 2230      5F507574 
 2230      43686172 
 2230      00
 2231              		.ident	"GCC: (GNU Tools for ARM Embedded Processors) 5.4.1 20160609 (release) [ARM/embedded-5-bran
